pch_cannonlake-virtual-0
Adapter: Virtual device
temp1:        +57.0°C  

nvme-pci-0100
Adapter: PCI adapter
Composite:    +45.9°C  (low  =  -5.2°C, high = +79.8°C)
                       (crit = +84.8°C)

iwlwifi_1-virtual-0
Adapter: Virtual device
temp1:        +59.0°C  

coretemp-isa-0000
Adapter: ISA adapter
Package id 0:  +55.0°C  (high = +100.0°C, crit = +100.0°C)
Core 0:        +54.0°C  (high = +100.0°C, crit = +100.0°C)
Core 1:        +55.0°C  (high = +100.0°C, crit = +100.0°C)

BAT0-acpi-0
Adapter: ACPI interface
in0:           8.55 V  

-----------------------END/START----------------------
2023-10-22 11:17:17
pch_cannonlake-virtual-0
Adapter: Virtual device
temp1:        +55.0°C  

nvme-pci-0100
Adapter: PCI adapter
Composite:    +46.9°C  (low  =  -5.2°C, high = +79.8°C)
                       (crit = +84.8°C)

iwlwifi_1-virtual-0
Adapter: Virtual device
temp1:        +59.0°C  

coretemp-isa-0000
Adapter: ISA adapter
Package id 0:  +56.0°C  (high = +100.0°C, crit = +100.0°C)
Core 0:        +56.0°C  (high = +100.0°C, crit = +100.0°C)
Core 1:        +55.0°C  (high = +100.0°C, crit = +100.0°C)

BAT0-acpi-0
Adapter: ACPI interface
in0:           8.55 V  

-----------------------END/START----------------------
2023-10-22 11:17:27
pch_cannonlake-virtual-0
Adapter: Virtual device
temp1:        +58.0°C  

nvme-pci-0100
Adapter: PCI adapter
Composite:    +45.9°C  (low  =  -5.2°C, high = +79.8°C)
                       (crit = +84.8°C)

iwlwifi_1-virtual-0
Adapter: Virtual device
temp1:        +58.0°C  

coretemp-isa-0000
Adapter: ISA adapter
Package id 0:  +56.0°C  (high = +100.0°C, crit = +100.0°C)
Core 0:        +55.0°C  (high = +100.0°C, crit = +100.0°C)
Core 1:        +54.0°C  (high = +100.0°C, crit = +100.0°C)

BAT0-acpi-0
Adapter: ACPI interface
in0:           8.56 V  

-----------------------END/START----------------------
2023-10-22 11:17:37
pch_cannonlake-virtual-0
Adapter: Virtual device
temp1:        +57.0°C  

nvme-pci-0100
Adapter: PCI adapter
Composite:    +46.9°C  (low  =  -5.2°C, high = +79.8°C)
                       (crit = +84.8°C)

iwlwifi_1-virtual-0
Adapter: Virtual device
temp1:        +58.0°C  

coretemp-isa-0000
Adapter: ISA adapter
Package id 0:  +55.0°C  (high = +100.0°C, crit = +100.0°C)
Core 0:        +54.0°C  (high = +100.0°C, crit = +100.0°C)
Core 1:        +55.0°C  (high = +100.0°C, crit = +100.0°C)

BAT0-acpi-0
Adapter: ACPI interface
in0:           8.55 V  

-----------------------END/START----------------------
2023-10-22 11:17:47
