pch_cannonlake-virtual-0
Adapter: Virtual device
temp1:        +45.0°C  

nvme-pci-0100
Adapter: PCI adapter
Composite:    +35.9°C  (low  =  -5.2°C, high = +79.8°C)
                       (crit = +84.8°C)

iwlwifi_1-virtual-0
Adapter: Virtual device
temp1:        +42.0°C  

coretemp-isa-0000
Adapter: ISA adapter
Package id 0:  +45.0°C  (high = +100.0°C, crit = +100.0°C)
Core 0:        +44.0°C  (high = +100.0°C, crit = +100.0°C)
Core 1:        +44.0°C  (high = +100.0°C, crit = +100.0°C)

BAT0-acpi-0
Adapter: ACPI interface
in0:           7.45 V  

-----------------------END/START----------------------
2023-09-29 09:11:18
pch_cannonlake-virtual-0
Adapter: Virtual device
temp1:        +45.0°C  

nvme-pci-0100
Adapter: PCI adapter
Composite:    +35.9°C  (low  =  -5.2°C, high = +79.8°C)
                       (crit = +84.8°C)

iwlwifi_1-virtual-0
Adapter: Virtual device
temp1:        +41.0°C  

coretemp-isa-0000
Adapter: ISA adapter
Package id 0:  +49.0°C  (high = +100.0°C, crit = +100.0°C)
Core 0:        +44.0°C  (high = +100.0°C, crit = +100.0°C)
Core 1:        +49.0°C  (high = +100.0°C, crit = +100.0°C)

BAT0-acpi-0
Adapter: ACPI interface
in0:           7.50 V  

-----------------------END/START----------------------
2023-09-29 09:11:28
pch_cannonlake-virtual-0
Adapter: Virtual device
temp1:        +46.0°C  

nvme-pci-0100
Adapter: PCI adapter
Composite:    +35.9°C  (low  =  -5.2°C, high = +79.8°C)
                       (crit = +84.8°C)

iwlwifi_1-virtual-0
Adapter: Virtual device
temp1:        +41.0°C  

coretemp-isa-0000
Adapter: ISA adapter
Package id 0:  +47.0°C  (high = +100.0°C, crit = +100.0°C)
Core 0:        +46.0°C  (high = +100.0°C, crit = +100.0°C)
Core 1:        +47.0°C  (high = +100.0°C, crit = +100.0°C)

BAT0-acpi-0
Adapter: ACPI interface
in0:           7.50 V  

-----------------------END/START----------------------
2023-09-29 09:11:38
pch_cannonlake-virtual-0
Adapter: Virtual device
temp1:        +44.0°C  

nvme-pci-0100
Adapter: PCI adapter
Composite:    +35.9°C  (low  =  -5.2°C, high = +79.8°C)
                       (crit = +84.8°C)

iwlwifi_1-virtual-0
Adapter: Virtual device
temp1:        +41.0°C  

coretemp-isa-0000
Adapter: ISA adapter
Package id 0:  +47.0°C  (high = +100.0°C, crit = +100.0°C)
Core 0:        +44.0°C  (high = +100.0°C, crit = +100.0°C)
Core 1:        +47.0°C  (high = +100.0°C, crit = +100.0°C)

BAT0-acpi-0
Adapter: ACPI interface
in0:           7.46 V  

-----------------------END/START----------------------
2023-09-29 09:11:49
pch_cannonlake-virtual-0
Adapter: Virtual device
temp1:        +45.0°C  

nvme-pci-0100
Adapter: PCI adapter
Composite:    +35.9°C  (low  =  -5.2°C, high = +79.8°C)
                       (crit = +84.8°C)

iwlwifi_1-virtual-0
Adapter: Virtual device
temp1:        +43.0°C  

coretemp-isa-0000
Adapter: ISA adapter
Package id 0:  +48.0°C  (high = +100.0°C, crit = +100.0°C)
Core 0:        +47.0°C  (high = +100.0°C, crit = +100.0°C)
Core 1:        +48.0°C  (high = +100.0°C, crit = +100.0°C)

BAT0-acpi-0
Adapter: ACPI interface
in0:           7.42 V  

-----------------------END/START----------------------
2023-09-29 09:11:59
pch_cannonlake-virtual-0
Adapter: Virtual device
temp1:        +47.0°C  

nvme-pci-0100
Adapter: PCI adapter
Composite:    +35.9°C  (low  =  -5.2°C, high = +79.8°C)
                       (crit = +84.8°C)

iwlwifi_1-virtual-0
Adapter: Virtual device
temp1:        +41.0°C  

coretemp-isa-0000
Adapter: ISA adapter
Package id 0:  +47.0°C  (high = +100.0°C, crit = +100.0°C)
Core 0:        +45.0°C  (high = +100.0°C, crit = +100.0°C)
Core 1:        +45.0°C  (high = +100.0°C, crit = +100.0°C)

BAT0-acpi-0
Adapter: ACPI interface
in0:           7.47 V  

-----------------------END/START----------------------
2023-09-29 09:12:09
pch_cannonlake-virtual-0
Adapter: Virtual device
temp1:        +44.0°C  

nvme-pci-0100
Adapter: PCI adapter
Composite:    +35.9°C  (low  =  -5.2°C, high = +79.8°C)
                       (crit = +84.8°C)

iwlwifi_1-virtual-0
Adapter: Virtual device
temp1:        +42.0°C  

coretemp-isa-0000
Adapter: ISA adapter
Package id 0:  +46.0°C  (high = +100.0°C, crit = +100.0°C)
Core 0:        +44.0°C  (high = +100.0°C, crit = +100.0°C)
Core 1:        +46.0°C  (high = +100.0°C, crit = +100.0°C)

BAT0-acpi-0
Adapter: ACPI interface
in0:           7.50 V  

-----------------------END/START----------------------
2023-09-29 09:12:19
pch_cannonlake-virtual-0
Adapter: Virtual device
temp1:        +44.0°C  

nvme-pci-0100
Adapter: PCI adapter
Composite:    +35.9°C  (low  =  -5.2°C, high = +79.8°C)
                       (crit = +84.8°C)

iwlwifi_1-virtual-0
Adapter: Virtual device
temp1:        +41.0°C  

coretemp-isa-0000
Adapter: ISA adapter
Package id 0:  +46.0°C  (high = +100.0°C, crit = +100.0°C)
Core 0:        +46.0°C  (high = +100.0°C, crit = +100.0°C)
Core 1:        +46.0°C  (high = +100.0°C, crit = +100.0°C)

BAT0-acpi-0
Adapter: ACPI interface
in0:           7.50 V  

-----------------------END/START----------------------
2023-09-29 09:12:29
pch_cannonlake-virtual-0
Adapter: Virtual device
temp1:        +44.0°C  

nvme-pci-0100
Adapter: PCI adapter
Composite:    +35.9°C  (low  =  -5.2°C, high = +79.8°C)
                       (crit = +84.8°C)

iwlwifi_1-virtual-0
Adapter: Virtual device
temp1:        +41.0°C  

coretemp-isa-0000
Adapter: ISA adapter
Package id 0:  +46.0°C  (high = +100.0°C, crit = +100.0°C)
Core 0:        +44.0°C  (high = +100.0°C, crit = +100.0°C)
Core 1:        +44.0°C  (high = +100.0°C, crit = +100.0°C)

BAT0-acpi-0
Adapter: ACPI interface
in0:           7.45 V  

-----------------------END/START----------------------
2023-09-29 09:12:39
pch_cannonlake-virtual-0
Adapter: Virtual device
temp1:        +46.0°C  

nvme-pci-0100
Adapter: PCI adapter
Composite:    +35.9°C  (low  =  -5.2°C, high = +79.8°C)
                       (crit = +84.8°C)

iwlwifi_1-virtual-0
Adapter: Virtual device
temp1:        +41.0°C  

coretemp-isa-0000
Adapter: ISA adapter
Package id 0:  +51.0°C  (high = +100.0°C, crit = +100.0°C)
Core 0:        +46.0°C  (high = +100.0°C, crit = +100.0°C)
Core 1:        +51.0°C  (high = +100.0°C, crit = +100.0°C)

BAT0-acpi-0
Adapter: ACPI interface
in0:           7.49 V  

-----------------------END/START----------------------
2023-09-29 09:12:49
pch_cannonlake-virtual-0
Adapter: Virtual device
temp1:        +45.0°C  

nvme-pci-0100
Adapter: PCI adapter
Composite:    +35.9°C  (low  =  -5.2°C, high = +79.8°C)
                       (crit = +84.8°C)

iwlwifi_1-virtual-0
Adapter: Virtual device
temp1:        +41.0°C  

coretemp-isa-0000
Adapter: ISA adapter
Package id 0:  +48.0°C  (high = +100.0°C, crit = +100.0°C)
Core 0:        +48.0°C  (high = +100.0°C, crit = +100.0°C)
Core 1:        +46.0°C  (high = +100.0°C, crit = +100.0°C)

BAT0-acpi-0
Adapter: ACPI interface
in0:           7.49 V  

-----------------------END/START----------------------
2023-09-29 09:12:59
pch_cannonlake-virtual-0
Adapter: Virtual device
temp1:        +45.0°C  

nvme-pci-0100
Adapter: PCI adapter
Composite:    +35.9°C  (low  =  -5.2°C, high = +79.8°C)
                       (crit = +84.8°C)

iwlwifi_1-virtual-0
Adapter: Virtual device
temp1:        +41.0°C  

coretemp-isa-0000
Adapter: ISA adapter
Package id 0:  +46.0°C  (high = +100.0°C, crit = +100.0°C)
Core 0:        +44.0°C  (high = +100.0°C, crit = +100.0°C)
Core 1:        +45.0°C  (high = +100.0°C, crit = +100.0°C)

BAT0-acpi-0
Adapter: ACPI interface
in0:           7.49 V  

-----------------------END/START----------------------
2023-09-29 09:13:09
pch_cannonlake-virtual-0
Adapter: Virtual device
temp1:        +45.0°C  

nvme-pci-0100
Adapter: PCI adapter
Composite:    +35.9°C  (low  =  -5.2°C, high = +79.8°C)
                       (crit = +84.8°C)

iwlwifi_1-virtual-0
Adapter: Virtual device
temp1:        +41.0°C  

coretemp-isa-0000
Adapter: ISA adapter
Package id 0:  +45.0°C  (high = +100.0°C, crit = +100.0°C)
Core 0:        +44.0°C  (high = +100.0°C, crit = +100.0°C)
Core 1:        +45.0°C  (high = +100.0°C, crit = +100.0°C)

BAT0-acpi-0
Adapter: ACPI interface
in0:           7.50 V  

-----------------------END/START----------------------
2023-09-29 09:13:19
pch_cannonlake-virtual-0
Adapter: Virtual device
temp1:        +44.0°C  

nvme-pci-0100
Adapter: PCI adapter
Composite:    +35.9°C  (low  =  -5.2°C, high = +79.8°C)
                       (crit = +84.8°C)

iwlwifi_1-virtual-0
Adapter: Virtual device
temp1:        +41.0°C  

coretemp-isa-0000
Adapter: ISA adapter
Package id 0:  +45.0°C  (high = +100.0°C, crit = +100.0°C)
Core 0:        +44.0°C  (high = +100.0°C, crit = +100.0°C)
Core 1:        +44.0°C  (high = +100.0°C, crit = +100.0°C)

BAT0-acpi-0
Adapter: ACPI interface
in0:           7.83 V  

-----------------------END/START----------------------
2023-09-29 09:13:30
pch_cannonlake-virtual-0
Adapter: Virtual device
temp1:        +44.0°C  

nvme-pci-0100
Adapter: PCI adapter
Composite:    +35.9°C  (low  =  -5.2°C, high = +79.8°C)
                       (crit = +84.8°C)

iwlwifi_1-virtual-0
Adapter: Virtual device
temp1:        +41.0°C  

coretemp-isa-0000
Adapter: ISA adapter
Package id 0:  +45.0°C  (high = +100.0°C, crit = +100.0°C)
Core 0:        +43.0°C  (high = +100.0°C, crit = +100.0°C)
Core 1:        +45.0°C  (high = +100.0°C, crit = +100.0°C)

BAT0-acpi-0
Adapter: ACPI interface
in0:           7.86 V  

-----------------------END/START----------------------
2023-09-29 09:13:40
pch_cannonlake-virtual-0
Adapter: Virtual device
temp1:        +46.0°C  

nvme-pci-0100
Adapter: PCI adapter
Composite:    +35.9°C  (low  =  -5.2°C, high = +79.8°C)
                       (crit = +84.8°C)

iwlwifi_1-virtual-0
Adapter: Virtual device
temp1:        +42.0°C  

coretemp-isa-0000
Adapter: ISA adapter
Package id 0:  +52.0°C  (high = +100.0°C, crit = +100.0°C)
Core 0:        +52.0°C  (high = +100.0°C, crit = +100.0°C)
Core 1:        +51.0°C  (high = +100.0°C, crit = +100.0°C)

BAT0-acpi-0
Adapter: ACPI interface
in0:           7.88 V  

-----------------------END/START----------------------
2023-09-29 09:13:50
pch_cannonlake-virtual-0
Adapter: Virtual device
temp1:        +45.0°C  

nvme-pci-0100
Adapter: PCI adapter
Composite:    +35.9°C  (low  =  -5.2°C, high = +79.8°C)
                       (crit = +84.8°C)

iwlwifi_1-virtual-0
Adapter: Virtual device
temp1:        +41.0°C  

coretemp-isa-0000
Adapter: ISA adapter
Package id 0:  +48.0°C  (high = +100.0°C, crit = +100.0°C)
Core 0:        +46.0°C  (high = +100.0°C, crit = +100.0°C)
Core 1:        +47.0°C  (high = +100.0°C, crit = +100.0°C)

BAT0-acpi-0
Adapter: ACPI interface
in0:           7.91 V  

-----------------------END/START----------------------
2023-09-29 09:14:00
pch_cannonlake-virtual-0
Adapter: Virtual device
temp1:        +46.0°C  

nvme-pci-0100
Adapter: PCI adapter
Composite:    +35.9°C  (low  =  -5.2°C, high = +79.8°C)
                       (crit = +84.8°C)

iwlwifi_1-virtual-0
Adapter: Virtual device
temp1:        +41.0°C  

coretemp-isa-0000
Adapter: ISA adapter
Package id 0:  +48.0°C  (high = +100.0°C, crit = +100.0°C)
Core 0:        +46.0°C  (high = +100.0°C, crit = +100.0°C)
Core 1:        +46.0°C  (high = +100.0°C, crit = +100.0°C)

BAT0-acpi-0
Adapter: ACPI interface
in0:           7.92 V  

-----------------------END/START----------------------
2023-09-29 09:14:10
pch_cannonlake-virtual-0
Adapter: Virtual device
temp1:        +46.0°C  

nvme-pci-0100
Adapter: PCI adapter
Composite:    +35.9°C  (low  =  -5.2°C, high = +79.8°C)
                       (crit = +84.8°C)

iwlwifi_1-virtual-0
Adapter: Virtual device
temp1:        +41.0°C  

coretemp-isa-0000
Adapter: ISA adapter
Package id 0:  +48.0°C  (high = +100.0°C, crit = +100.0°C)
Core 0:        +47.0°C  (high = +100.0°C, crit = +100.0°C)
Core 1:        +48.0°C  (high = +100.0°C, crit = +100.0°C)

BAT0-acpi-0
Adapter: ACPI interface
in0:           7.94 V  

-----------------------END/START----------------------
2023-09-29 09:14:20
pch_cannonlake-virtual-0
Adapter: Virtual device
temp1:        +44.0°C  

nvme-pci-0100
Adapter: PCI adapter
Composite:    +35.9°C  (low  =  -5.2°C, high = +79.8°C)
                       (crit = +84.8°C)

iwlwifi_1-virtual-0
Adapter: Virtual device
temp1:        +41.0°C  

coretemp-isa-0000
Adapter: ISA adapter
Package id 0:  +49.0°C  (high = +100.0°C, crit = +100.0°C)
Core 0:        +47.0°C  (high = +100.0°C, crit = +100.0°C)
Core 1:        +49.0°C  (high = +100.0°C, crit = +100.0°C)

BAT0-acpi-0
Adapter: ACPI interface
in0:           7.95 V  

-----------------------END/START----------------------
2023-09-29 09:14:30
pch_cannonlake-virtual-0
Adapter: Virtual device
temp1:        +46.0°C  

nvme-pci-0100
Adapter: PCI adapter
Composite:    +35.9°C  (low  =  -5.2°C, high = +79.8°C)
                       (crit = +84.8°C)

iwlwifi_1-virtual-0
Adapter: Virtual device
temp1:        +40.0°C  

coretemp-isa-0000
Adapter: ISA adapter
Package id 0:  +48.0°C  (high = +100.0°C, crit = +100.0°C)
Core 0:        +46.0°C  (high = +100.0°C, crit = +100.0°C)
Core 1:        +46.0°C  (high = +100.0°C, crit = +100.0°C)

BAT0-acpi-0
Adapter: ACPI interface
in0:           7.95 V  

-----------------------END/START----------------------
2023-09-29 09:14:40
pch_cannonlake-virtual-0
Adapter: Virtual device
temp1:        +46.0°C  

nvme-pci-0100
Adapter: PCI adapter
Composite:    +35.9°C  (low  =  -5.2°C, high = +79.8°C)
                       (crit = +84.8°C)

iwlwifi_1-virtual-0
Adapter: Virtual device
temp1:        +41.0°C  

coretemp-isa-0000
Adapter: ISA adapter
Package id 0:  +50.0°C  (high = +100.0°C, crit = +100.0°C)
Core 0:        +48.0°C  (high = +100.0°C, crit = +100.0°C)
Core 1:        +50.0°C  (high = +100.0°C, crit = +100.0°C)

BAT0-acpi-0
Adapter: ACPI interface
in0:           7.96 V  

-----------------------END/START----------------------
2023-09-29 09:14:50
pch_cannonlake-virtual-0
Adapter: Virtual device
temp1:        +47.0°C  

nvme-pci-0100
Adapter: PCI adapter
Composite:    +35.9°C  (low  =  -5.2°C, high = +79.8°C)
                       (crit = +84.8°C)

iwlwifi_1-virtual-0
Adapter: Virtual device
temp1:        +41.0°C  

coretemp-isa-0000
Adapter: ISA adapter
Package id 0:  +52.0°C  (high = +100.0°C, crit = +100.0°C)
Core 0:        +48.0°C  (high = +100.0°C, crit = +100.0°C)
Core 1:        +52.0°C  (high = +100.0°C, crit = +100.0°C)

BAT0-acpi-0
Adapter: ACPI interface
in0:           7.97 V  

-----------------------END/START----------------------
2023-09-29 09:15:00
pch_cannonlake-virtual-0
Adapter: Virtual device
temp1:        +47.0°C  

nvme-pci-0100
Adapter: PCI adapter
Composite:    +35.9°C  (low  =  -5.2°C, high = +79.8°C)
                       (crit = +84.8°C)

iwlwifi_1-virtual-0
Adapter: Virtual device
temp1:        +41.0°C  

coretemp-isa-0000
Adapter: ISA adapter
Package id 0:  +52.0°C  (high = +100.0°C, crit = +100.0°C)
Core 0:        +49.0°C  (high = +100.0°C, crit = +100.0°C)
Core 1:        +52.0°C  (high = +100.0°C, crit = +100.0°C)

BAT0-acpi-0
Adapter: ACPI interface
in0:           7.97 V  

-----------------------END/START----------------------
2023-09-29 09:15:10
pch_cannonlake-virtual-0
Adapter: Virtual device
temp1:        +47.0°C  

nvme-pci-0100
Adapter: PCI adapter
Composite:    +35.9°C  (low  =  -5.2°C, high = +79.8°C)
                       (crit = +84.8°C)

iwlwifi_1-virtual-0
Adapter: Virtual device
temp1:        +41.0°C  

coretemp-isa-0000
Adapter: ISA adapter
Package id 0:  +49.0°C  (high = +100.0°C, crit = +100.0°C)
Core 0:        +47.0°C  (high = +100.0°C, crit = +100.0°C)
Core 1:        +48.0°C  (high = +100.0°C, crit = +100.0°C)

BAT0-acpi-0
Adapter: ACPI interface
in0:           7.98 V  

-----------------------END/START----------------------
2023-09-29 09:15:20
pch_cannonlake-virtual-0
Adapter: Virtual device
temp1:        +48.0°C  

nvme-pci-0100
Adapter: PCI adapter
Composite:    +35.9°C  (low  =  -5.2°C, high = +79.8°C)
                       (crit = +84.8°C)

iwlwifi_1-virtual-0
Adapter: Virtual device
temp1:        +41.0°C  

coretemp-isa-0000
Adapter: ISA adapter
Package id 0:  +49.0°C  (high = +100.0°C, crit = +100.0°C)
Core 0:        +47.0°C  (high = +100.0°C, crit = +100.0°C)
Core 1:        +49.0°C  (high = +100.0°C, crit = +100.0°C)

BAT0-acpi-0
Adapter: ACPI interface
in0:           7.98 V  

-----------------------END/START----------------------
2023-09-29 09:15:30
pch_cannonlake-virtual-0
Adapter: Virtual device
temp1:        +46.0°C  

nvme-pci-0100
Adapter: PCI adapter
Composite:    +35.9°C  (low  =  -5.2°C, high = +79.8°C)
                       (crit = +84.8°C)

iwlwifi_1-virtual-0
Adapter: Virtual device
temp1:        +41.0°C  

coretemp-isa-0000
Adapter: ISA adapter
Package id 0:  +48.0°C  (high = +100.0°C, crit = +100.0°C)
Core 0:        +47.0°C  (high = +100.0°C, crit = +100.0°C)
Core 1:        +47.0°C  (high = +100.0°C, crit = +100.0°C)

BAT0-acpi-0
Adapter: ACPI interface
in0:           7.99 V  

-----------------------END/START----------------------
2023-09-29 09:15:40
pch_cannonlake-virtual-0
Adapter: Virtual device
temp1:        +48.0°C  

nvme-pci-0100
Adapter: PCI adapter
Composite:    +35.9°C  (low  =  -5.2°C, high = +79.8°C)
                       (crit = +84.8°C)

iwlwifi_1-virtual-0
Adapter: Virtual device
temp1:        +41.0°C  

coretemp-isa-0000
Adapter: ISA adapter
Package id 0:  +50.0°C  (high = +100.0°C, crit = +100.0°C)
Core 0:        +48.0°C  (high = +100.0°C, crit = +100.0°C)
Core 1:        +50.0°C  (high = +100.0°C, crit = +100.0°C)

BAT0-acpi-0
Adapter: ACPI interface
in0:           7.99 V  

-----------------------END/START----------------------
2023-09-29 09:15:51
pch_cannonlake-virtual-0
Adapter: Virtual device
temp1:        +48.0°C  

nvme-pci-0100
Adapter: PCI adapter
Composite:    +35.9°C  (low  =  -5.2°C, high = +79.8°C)
                       (crit = +84.8°C)

iwlwifi_1-virtual-0
Adapter: Virtual device
temp1:        +41.0°C  

coretemp-isa-0000
Adapter: ISA adapter
Package id 0:  +48.0°C  (high = +100.0°C, crit = +100.0°C)
Core 0:        +47.0°C  (high = +100.0°C, crit = +100.0°C)
Core 1:        +47.0°C  (high = +100.0°C, crit = +100.0°C)

BAT0-acpi-0
Adapter: ACPI interface
in0:           8.00 V  

-----------------------END/START----------------------
2023-09-29 09:16:01
pch_cannonlake-virtual-0
Adapter: Virtual device
temp1:        +47.0°C  

nvme-pci-0100
Adapter: PCI adapter
Composite:    +35.9°C  (low  =  -5.2°C, high = +79.8°C)
                       (crit = +84.8°C)

iwlwifi_1-virtual-0
Adapter: Virtual device
temp1:        +41.0°C  

coretemp-isa-0000
Adapter: ISA adapter
Package id 0:  +49.0°C  (high = +100.0°C, crit = +100.0°C)
Core 0:        +47.0°C  (high = +100.0°C, crit = +100.0°C)
Core 1:        +48.0°C  (high = +100.0°C, crit = +100.0°C)

BAT0-acpi-0
Adapter: ACPI interface
in0:           8.00 V  

-----------------------END/START----------------------
2023-09-29 09:16:11
pch_cannonlake-virtual-0
Adapter: Virtual device
temp1:        +48.0°C  

nvme-pci-0100
Adapter: PCI adapter
Composite:    +35.9°C  (low  =  -5.2°C, high = +79.8°C)
                       (crit = +84.8°C)

iwlwifi_1-virtual-0
Adapter: Virtual device
temp1:        +41.0°C  

coretemp-isa-0000
Adapter: ISA adapter
Package id 0:  +48.0°C  (high = +100.0°C, crit = +100.0°C)
Core 0:        +47.0°C  (high = +100.0°C, crit = +100.0°C)
Core 1:        +47.0°C  (high = +100.0°C, crit = +100.0°C)

BAT0-acpi-0
Adapter: ACPI interface
in0:           8.01 V  

-----------------------END/START----------------------
2023-09-29 09:16:21
pch_cannonlake-virtual-0
Adapter: Virtual device
temp1:        +48.0°C  

nvme-pci-0100
Adapter: PCI adapter
Composite:    +35.9°C  (low  =  -5.2°C, high = +79.8°C)
                       (crit = +84.8°C)

iwlwifi_1-virtual-0
Adapter: Virtual device
temp1:        +41.0°C  

coretemp-isa-0000
Adapter: ISA adapter
Package id 0:  +48.0°C  (high = +100.0°C, crit = +100.0°C)
Core 0:        +46.0°C  (high = +100.0°C, crit = +100.0°C)
Core 1:        +47.0°C  (high = +100.0°C, crit = +100.0°C)

BAT0-acpi-0
Adapter: ACPI interface
in0:           8.00 V  

-----------------------END/START----------------------
2023-09-29 09:16:31
pch_cannonlake-virtual-0
Adapter: Virtual device
temp1:        +48.0°C  

nvme-pci-0100
Adapter: PCI adapter
Composite:    +35.9°C  (low  =  -5.2°C, high = +79.8°C)
                       (crit = +84.8°C)

iwlwifi_1-virtual-0
Adapter: Virtual device
temp1:        +42.0°C  

coretemp-isa-0000
Adapter: ISA adapter
Package id 0:  +48.0°C  (high = +100.0°C, crit = +100.0°C)
Core 0:        +47.0°C  (high = +100.0°C, crit = +100.0°C)
Core 1:        +47.0°C  (high = +100.0°C, crit = +100.0°C)

BAT0-acpi-0
Adapter: ACPI interface
in0:           8.01 V  

-----------------------END/START----------------------
2023-09-29 09:16:41
pch_cannonlake-virtual-0
Adapter: Virtual device
temp1:        +47.0°C  

nvme-pci-0100
Adapter: PCI adapter
Composite:    +35.9°C  (low  =  -5.2°C, high = +79.8°C)
                       (crit = +84.8°C)

iwlwifi_1-virtual-0
Adapter: Virtual device
temp1:        +41.0°C  

coretemp-isa-0000
Adapter: ISA adapter
Package id 0:  +49.0°C  (high = +100.0°C, crit = +100.0°C)
Core 0:        +48.0°C  (high = +100.0°C, crit = +100.0°C)
Core 1:        +49.0°C  (high = +100.0°C, crit = +100.0°C)

BAT0-acpi-0
Adapter: ACPI interface
in0:           8.01 V  

-----------------------END/START----------------------
2023-09-29 09:16:51
pch_cannonlake-virtual-0
Adapter: Virtual device
temp1:        +46.0°C  

nvme-pci-0100
Adapter: PCI adapter
Composite:    +35.9°C  (low  =  -5.2°C, high = +79.8°C)
                       (crit = +84.8°C)

iwlwifi_1-virtual-0
Adapter: Virtual device
temp1:        +41.0°C  

coretemp-isa-0000
Adapter: ISA adapter
Package id 0:  +48.0°C  (high = +100.0°C, crit = +100.0°C)
Core 0:        +47.0°C  (high = +100.0°C, crit = +100.0°C)
Core 1:        +48.0°C  (high = +100.0°C, crit = +100.0°C)

BAT0-acpi-0
Adapter: ACPI interface
in0:           8.01 V  

-----------------------END/START----------------------
2023-09-29 09:17:01
pch_cannonlake-virtual-0
Adapter: Virtual device
temp1:        +47.0°C  

nvme-pci-0100
Adapter: PCI adapter
Composite:    +35.9°C  (low  =  -5.2°C, high = +79.8°C)
                       (crit = +84.8°C)

iwlwifi_1-virtual-0
Adapter: Virtual device
temp1:        +42.0°C  

coretemp-isa-0000
Adapter: ISA adapter
Package id 0:  +49.0°C  (high = +100.0°C, crit = +100.0°C)
Core 0:        +47.0°C  (high = +100.0°C, crit = +100.0°C)
Core 1:        +49.0°C  (high = +100.0°C, crit = +100.0°C)

BAT0-acpi-0
Adapter: ACPI interface
in0:           8.02 V  

-----------------------END/START----------------------
2023-09-29 09:17:11
pch_cannonlake-virtual-0
Adapter: Virtual device
temp1:        +48.0°C  

nvme-pci-0100
Adapter: PCI adapter
Composite:    +35.9°C  (low  =  -5.2°C, high = +79.8°C)
                       (crit = +84.8°C)

iwlwifi_1-virtual-0
Adapter: Virtual device
temp1:        +43.0°C  

coretemp-isa-0000
Adapter: ISA adapter
Package id 0:  +51.0°C  (high = +100.0°C, crit = +100.0°C)
Core 0:        +49.0°C  (high = +100.0°C, crit = +100.0°C)
Core 1:        +51.0°C  (high = +100.0°C, crit = +100.0°C)

BAT0-acpi-0
Adapter: ACPI interface
in0:           8.02 V  

-----------------------END/START----------------------
2023-09-29 09:17:21
pch_cannonlake-virtual-0
Adapter: Virtual device
temp1:        +48.0°C  

nvme-pci-0100
Adapter: PCI adapter
Composite:    +35.9°C  (low  =  -5.2°C, high = +79.8°C)
                       (crit = +84.8°C)

iwlwifi_1-virtual-0
Adapter: Virtual device
temp1:        +42.0°C  

coretemp-isa-0000
Adapter: ISA adapter
Package id 0:  +52.0°C  (high = +100.0°C, crit = +100.0°C)
Core 0:        +52.0°C  (high = +100.0°C, crit = +100.0°C)
Core 1:        +49.0°C  (high = +100.0°C, crit = +100.0°C)

BAT0-acpi-0
Adapter: ACPI interface
in0:           8.02 V  

-----------------------END/START----------------------
2023-09-29 09:17:31
pch_cannonlake-virtual-0
Adapter: Virtual device
temp1:        +47.0°C  

nvme-pci-0100
Adapter: PCI adapter
Composite:    +35.9°C  (low  =  -5.2°C, high = +79.8°C)
                       (crit = +84.8°C)

iwlwifi_1-virtual-0
Adapter: Virtual device
temp1:        +41.0°C  

coretemp-isa-0000
Adapter: ISA adapter
Package id 0:  +53.0°C  (high = +100.0°C, crit = +100.0°C)
Core 0:        +50.0°C  (high = +100.0°C, crit = +100.0°C)
Core 1:        +53.0°C  (high = +100.0°C, crit = +100.0°C)

BAT0-acpi-0
Adapter: ACPI interface
in0:           8.03 V  

-----------------------END/START----------------------
2023-09-29 09:17:41
pch_cannonlake-virtual-0
Adapter: Virtual device
temp1:        +49.0°C  

nvme-pci-0100
Adapter: PCI adapter
Composite:    +35.9°C  (low  =  -5.2°C, high = +79.8°C)
                       (crit = +84.8°C)

iwlwifi_1-virtual-0
Adapter: Virtual device
temp1:        +41.0°C  

coretemp-isa-0000
Adapter: ISA adapter
Package id 0:  +49.0°C  (high = +100.0°C, crit = +100.0°C)
Core 0:        +47.0°C  (high = +100.0°C, crit = +100.0°C)
Core 1:        +48.0°C  (high = +100.0°C, crit = +100.0°C)

BAT0-acpi-0
Adapter: ACPI interface
in0:           8.03 V  

-----------------------END/START----------------------
2023-09-29 09:17:52
pch_cannonlake-virtual-0
Adapter: Virtual device
temp1:        +50.0°C  

nvme-pci-0100
Adapter: PCI adapter
Composite:    +35.9°C  (low  =  -5.2°C, high = +79.8°C)
                       (crit = +84.8°C)

iwlwifi_1-virtual-0
Adapter: Virtual device
temp1:        +41.0°C  

coretemp-isa-0000
Adapter: ISA adapter
Package id 0:  +50.0°C  (high = +100.0°C, crit = +100.0°C)
Core 0:        +48.0°C  (high = +100.0°C, crit = +100.0°C)
Core 1:        +50.0°C  (high = +100.0°C, crit = +100.0°C)

BAT0-acpi-0
Adapter: ACPI interface
in0:           8.03 V  

-----------------------END/START----------------------
2023-09-29 09:18:02
pch_cannonlake-virtual-0
Adapter: Virtual device
temp1:        +49.0°C  

nvme-pci-0100
Adapter: PCI adapter
Composite:    +35.9°C  (low  =  -5.2°C, high = +79.8°C)
                       (crit = +84.8°C)

iwlwifi_1-virtual-0
Adapter: Virtual device
temp1:        +42.0°C  

coretemp-isa-0000
Adapter: ISA adapter
Package id 0:  +55.0°C  (high = +100.0°C, crit = +100.0°C)
Core 0:        +53.0°C  (high = +100.0°C, crit = +100.0°C)
Core 1:        +55.0°C  (high = +100.0°C, crit = +100.0°C)

BAT0-acpi-0
Adapter: ACPI interface
in0:           8.03 V  

-----------------------END/START----------------------
2023-09-29 09:18:12
pch_cannonlake-virtual-0
Adapter: Virtual device
temp1:        +50.0°C  

nvme-pci-0100
Adapter: PCI adapter
Composite:    +35.9°C  (low  =  -5.2°C, high = +79.8°C)
                       (crit = +84.8°C)

iwlwifi_1-virtual-0
Adapter: Virtual device
temp1:        +42.0°C  

coretemp-isa-0000
Adapter: ISA adapter
Package id 0:  +53.0°C  (high = +100.0°C, crit = +100.0°C)
Core 0:        +53.0°C  (high = +100.0°C, crit = +100.0°C)
Core 1:        +53.0°C  (high = +100.0°C, crit = +100.0°C)

BAT0-acpi-0
Adapter: ACPI interface
in0:           8.04 V  

-----------------------END/START----------------------
2023-09-29 09:18:22
pch_cannonlake-virtual-0
Adapter: Virtual device
temp1:        +50.0°C  

nvme-pci-0100
Adapter: PCI adapter
Composite:    +35.9°C  (low  =  -5.2°C, high = +79.8°C)
                       (crit = +84.8°C)

iwlwifi_1-virtual-0
Adapter: Virtual device
temp1:        +41.0°C  

coretemp-isa-0000
Adapter: ISA adapter
Package id 0:  +50.0°C  (high = +100.0°C, crit = +100.0°C)
Core 0:        +49.0°C  (high = +100.0°C, crit = +100.0°C)
Core 1:        +50.0°C  (high = +100.0°C, crit = +100.0°C)

BAT0-acpi-0
Adapter: ACPI interface
in0:           8.04 V  

-----------------------END/START----------------------
2023-09-29 09:18:32
pch_cannonlake-virtual-0
Adapter: Virtual device
temp1:        +50.0°C  

nvme-pci-0100
Adapter: PCI adapter
Composite:    +35.9°C  (low  =  -5.2°C, high = +79.8°C)
                       (crit = +84.8°C)

iwlwifi_1-virtual-0
Adapter: Virtual device
temp1:        +41.0°C  

coretemp-isa-0000
Adapter: ISA adapter
Package id 0:  +50.0°C  (high = +100.0°C, crit = +100.0°C)
Core 0:        +50.0°C  (high = +100.0°C, crit = +100.0°C)
Core 1:        +50.0°C  (high = +100.0°C, crit = +100.0°C)

BAT0-acpi-0
Adapter: ACPI interface
in0:           8.04 V  

-----------------------END/START----------------------
2023-09-29 09:18:42
pch_cannonlake-virtual-0
Adapter: Virtual device
temp1:        +48.0°C  

nvme-pci-0100
Adapter: PCI adapter
Composite:    +35.9°C  (low  =  -5.2°C, high = +79.8°C)
                       (crit = +84.8°C)

iwlwifi_1-virtual-0
Adapter: Virtual device
temp1:        +42.0°C  

coretemp-isa-0000
Adapter: ISA adapter
Package id 0:  +51.0°C  (high = +100.0°C, crit = +100.0°C)
Core 0:        +51.0°C  (high = +100.0°C, crit = +100.0°C)
Core 1:        +50.0°C  (high = +100.0°C, crit = +100.0°C)

BAT0-acpi-0
Adapter: ACPI interface
in0:           8.04 V  

-----------------------END/START----------------------
2023-09-29 09:18:52
pch_cannonlake-virtual-0
Adapter: Virtual device
temp1:        +49.0°C  

nvme-pci-0100
Adapter: PCI adapter
Composite:    +35.9°C  (low  =  -5.2°C, high = +79.8°C)
                       (crit = +84.8°C)

iwlwifi_1-virtual-0
Adapter: Virtual device
temp1:        +42.0°C  

coretemp-isa-0000
Adapter: ISA adapter
Package id 0:  +50.0°C  (high = +100.0°C, crit = +100.0°C)
Core 0:        +49.0°C  (high = +100.0°C, crit = +100.0°C)
Core 1:        +48.0°C  (high = +100.0°C, crit = +100.0°C)

BAT0-acpi-0
Adapter: ACPI interface
in0:           8.04 V  

-----------------------END/START----------------------
2023-09-29 09:19:02
pch_cannonlake-virtual-0
Adapter: Virtual device
temp1:        +48.0°C  

nvme-pci-0100
Adapter: PCI adapter
Composite:    +35.9°C  (low  =  -5.2°C, high = +79.8°C)
                       (crit = +84.8°C)

iwlwifi_1-virtual-0
Adapter: Virtual device
temp1:        +42.0°C  

coretemp-isa-0000
Adapter: ISA adapter
Package id 0:  +49.0°C  (high = +100.0°C, crit = +100.0°C)
Core 0:        +47.0°C  (high = +100.0°C, crit = +100.0°C)
Core 1:        +47.0°C  (high = +100.0°C, crit = +100.0°C)

BAT0-acpi-0
Adapter: ACPI interface
in0:           8.05 V  

-----------------------END/START----------------------
2023-09-29 09:19:12
pch_cannonlake-virtual-0
Adapter: Virtual device
temp1:        +47.0°C  

nvme-pci-0100
Adapter: PCI adapter
Composite:    +35.9°C  (low  =  -5.2°C, high = +79.8°C)
                       (crit = +84.8°C)

iwlwifi_1-virtual-0
Adapter: Virtual device
temp1:        +42.0°C  

coretemp-isa-0000
Adapter: ISA adapter
Package id 0:  +51.0°C  (high = +100.0°C, crit = +100.0°C)
Core 0:        +52.0°C  (high = +100.0°C, crit = +100.0°C)
Core 1:        +50.0°C  (high = +100.0°C, crit = +100.0°C)

BAT0-acpi-0
Adapter: ACPI interface
in0:           8.05 V  

-----------------------END/START----------------------
2023-09-29 09:19:22
pch_cannonlake-virtual-0
Adapter: Virtual device
temp1:        +48.0°C  

nvme-pci-0100
Adapter: PCI adapter
Composite:    +35.9°C  (low  =  -5.2°C, high = +79.8°C)
                       (crit = +84.8°C)

iwlwifi_1-virtual-0
Adapter: Virtual device
temp1:        +42.0°C  

coretemp-isa-0000
Adapter: ISA adapter
Package id 0:  +48.0°C  (high = +100.0°C, crit = +100.0°C)
Core 0:        +47.0°C  (high = +100.0°C, crit = +100.0°C)
Core 1:        +47.0°C  (high = +100.0°C, crit = +100.0°C)

BAT0-acpi-0
Adapter: ACPI interface
in0:           8.05 V  

-----------------------END/START----------------------
2023-09-29 09:19:32
pch_cannonlake-virtual-0
Adapter: Virtual device
temp1:        +47.0°C  

nvme-pci-0100
Adapter: PCI adapter
Composite:    +36.9°C  (low  =  -5.2°C, high = +79.8°C)
                       (crit = +84.8°C)

iwlwifi_1-virtual-0
Adapter: Virtual device
temp1:        +42.0°C  

coretemp-isa-0000
Adapter: ISA adapter
Package id 0:  +49.0°C  (high = +100.0°C, crit = +100.0°C)
Core 0:        +46.0°C  (high = +100.0°C, crit = +100.0°C)
Core 1:        +47.0°C  (high = +100.0°C, crit = +100.0°C)

BAT0-acpi-0
Adapter: ACPI interface
in0:           8.05 V  

-----------------------END/START----------------------
2023-09-29 09:19:42
pch_cannonlake-virtual-0
Adapter: Virtual device
temp1:        +46.0°C  

nvme-pci-0100
Adapter: PCI adapter
Composite:    +36.9°C  (low  =  -5.2°C, high = +79.8°C)
                       (crit = +84.8°C)

iwlwifi_1-virtual-0
Adapter: Virtual device
temp1:        +41.0°C  

coretemp-isa-0000
Adapter: ISA adapter
Package id 0:  +48.0°C  (high = +100.0°C, crit = +100.0°C)
Core 0:        +47.0°C  (high = +100.0°C, crit = +100.0°C)
Core 1:        +47.0°C  (high = +100.0°C, crit = +100.0°C)

BAT0-acpi-0
Adapter: ACPI interface
in0:           8.06 V  

-----------------------END/START----------------------
2023-09-29 09:19:52
pch_cannonlake-virtual-0
Adapter: Virtual device
temp1:        +47.0°C  

nvme-pci-0100
Adapter: PCI adapter
Composite:    +35.9°C  (low  =  -5.2°C, high = +79.8°C)
                       (crit = +84.8°C)

iwlwifi_1-virtual-0
Adapter: Virtual device
temp1:        +42.0°C  

coretemp-isa-0000
Adapter: ISA adapter
Package id 0:  +48.0°C  (high = +100.0°C, crit = +100.0°C)
Core 0:        +46.0°C  (high = +100.0°C, crit = +100.0°C)
Core 1:        +47.0°C  (high = +100.0°C, crit = +100.0°C)

BAT0-acpi-0
Adapter: ACPI interface
in0:           8.06 V  

-----------------------END/START----------------------
2023-09-29 09:20:02
pch_cannonlake-virtual-0
Adapter: Virtual device
temp1:        +47.0°C  

nvme-pci-0100
Adapter: PCI adapter
Composite:    +35.9°C  (low  =  -5.2°C, high = +79.8°C)
                       (crit = +84.8°C)

iwlwifi_1-virtual-0
Adapter: Virtual device
temp1:        +41.0°C  

coretemp-isa-0000
Adapter: ISA adapter
Package id 0:  +47.0°C  (high = +100.0°C, crit = +100.0°C)
Core 0:        +46.0°C  (high = +100.0°C, crit = +100.0°C)
Core 1:        +46.0°C  (high = +100.0°C, crit = +100.0°C)

BAT0-acpi-0
Adapter: ACPI interface
in0:           8.06 V  

-----------------------END/START----------------------
2023-09-29 09:20:12
pch_cannonlake-virtual-0
Adapter: Virtual device
temp1:        +46.0°C  

nvme-pci-0100
Adapter: PCI adapter
Composite:    +35.9°C  (low  =  -5.2°C, high = +79.8°C)
                       (crit = +84.8°C)

iwlwifi_1-virtual-0
Adapter: Virtual device
temp1:        +42.0°C  

coretemp-isa-0000
Adapter: ISA adapter
Package id 0:  +48.0°C  (high = +100.0°C, crit = +100.0°C)
Core 0:        +46.0°C  (high = +100.0°C, crit = +100.0°C)
Core 1:        +47.0°C  (high = +100.0°C, crit = +100.0°C)

BAT0-acpi-0
Adapter: ACPI interface
in0:           8.06 V  

-----------------------END/START----------------------
2023-09-29 09:20:22
pch_cannonlake-virtual-0
Adapter: Virtual device
temp1:        +46.0°C  

nvme-pci-0100
Adapter: PCI adapter
Composite:    +35.9°C  (low  =  -5.2°C, high = +79.8°C)
                       (crit = +84.8°C)

iwlwifi_1-virtual-0
Adapter: Virtual device
temp1:        +42.0°C  

coretemp-isa-0000
Adapter: ISA adapter
Package id 0:  +48.0°C  (high = +100.0°C, crit = +100.0°C)
Core 0:        +46.0°C  (high = +100.0°C, crit = +100.0°C)
Core 1:        +47.0°C  (high = +100.0°C, crit = +100.0°C)

BAT0-acpi-0
Adapter: ACPI interface
in0:           8.07 V  

-----------------------END/START----------------------
2023-09-29 09:20:33
pch_cannonlake-virtual-0
Adapter: Virtual device
temp1:        +46.0°C  

nvme-pci-0100
Adapter: PCI adapter
Composite:    +35.9°C  (low  =  -5.2°C, high = +79.8°C)
                       (crit = +84.8°C)

iwlwifi_1-virtual-0
Adapter: Virtual device
temp1:        +41.0°C  

coretemp-isa-0000
Adapter: ISA adapter
Package id 0:  +48.0°C  (high = +100.0°C, crit = +100.0°C)
Core 0:        +46.0°C  (high = +100.0°C, crit = +100.0°C)
Core 1:        +46.0°C  (high = +100.0°C, crit = +100.0°C)

BAT0-acpi-0
Adapter: ACPI interface
in0:           8.07 V  

-----------------------END/START----------------------
2023-09-29 09:20:43
pch_cannonlake-virtual-0
Adapter: Virtual device
temp1:        +46.0°C  

nvme-pci-0100
Adapter: PCI adapter
Composite:    +35.9°C  (low  =  -5.2°C, high = +79.8°C)
                       (crit = +84.8°C)

iwlwifi_1-virtual-0
Adapter: Virtual device
temp1:        +42.0°C  

coretemp-isa-0000
Adapter: ISA adapter
Package id 0:  +47.0°C  (high = +100.0°C, crit = +100.0°C)
Core 0:        +45.0°C  (high = +100.0°C, crit = +100.0°C)
Core 1:        +46.0°C  (high = +100.0°C, crit = +100.0°C)

BAT0-acpi-0
Adapter: ACPI interface
in0:           8.07 V  

-----------------------END/START----------------------
2023-09-29 09:20:53
pch_cannonlake-virtual-0
Adapter: Virtual device
temp1:        +46.0°C  

nvme-pci-0100
Adapter: PCI adapter
Composite:    +35.9°C  (low  =  -5.2°C, high = +79.8°C)
                       (crit = +84.8°C)

iwlwifi_1-virtual-0
Adapter: Virtual device
temp1:        +42.0°C  

coretemp-isa-0000
Adapter: ISA adapter
Package id 0:  +48.0°C  (high = +100.0°C, crit = +100.0°C)
Core 0:        +46.0°C  (high = +100.0°C, crit = +100.0°C)
Core 1:        +47.0°C  (high = +100.0°C, crit = +100.0°C)

BAT0-acpi-0
Adapter: ACPI interface
in0:           8.07 V  

-----------------------END/START----------------------
2023-09-29 09:21:03
pch_cannonlake-virtual-0
Adapter: Virtual device
temp1:        +46.0°C  

nvme-pci-0100
Adapter: PCI adapter
Composite:    +35.9°C  (low  =  -5.2°C, high = +79.8°C)
                       (crit = +84.8°C)

iwlwifi_1-virtual-0
Adapter: Virtual device
temp1:        +42.0°C  

coretemp-isa-0000
Adapter: ISA adapter
Package id 0:  +49.0°C  (high = +100.0°C, crit = +100.0°C)
Core 0:        +48.0°C  (high = +100.0°C, crit = +100.0°C)
Core 1:        +49.0°C  (high = +100.0°C, crit = +100.0°C)

BAT0-acpi-0
Adapter: ACPI interface
in0:           8.08 V  

-----------------------END/START----------------------
2023-09-29 09:21:13
pch_cannonlake-virtual-0
Adapter: Virtual device
temp1:        +46.0°C  

nvme-pci-0100
Adapter: PCI adapter
Composite:    +35.9°C  (low  =  -5.2°C, high = +79.8°C)
                       (crit = +84.8°C)

iwlwifi_1-virtual-0
Adapter: Virtual device
temp1:        +43.0°C  

coretemp-isa-0000
Adapter: ISA adapter
Package id 0:  +50.0°C  (high = +100.0°C, crit = +100.0°C)
Core 0:        +50.0°C  (high = +100.0°C, crit = +100.0°C)
Core 1:        +50.0°C  (high = +100.0°C, crit = +100.0°C)

BAT0-acpi-0
Adapter: ACPI interface
in0:           8.08 V  

-----------------------END/START----------------------
2023-09-29 09:21:23
pch_cannonlake-virtual-0
Adapter: Virtual device
temp1:        +47.0°C  

nvme-pci-0100
Adapter: PCI adapter
Composite:    +35.9°C  (low  =  -5.2°C, high = +79.8°C)
                       (crit = +84.8°C)

iwlwifi_1-virtual-0
Adapter: Virtual device
temp1:        +43.0°C  

coretemp-isa-0000
Adapter: ISA adapter
Package id 0:  +53.0°C  (high = +100.0°C, crit = +100.0°C)
Core 0:        +53.0°C  (high = +100.0°C, crit = +100.0°C)
Core 1:        +52.0°C  (high = +100.0°C, crit = +100.0°C)

BAT0-acpi-0
Adapter: ACPI interface
in0:           8.09 V  

-----------------------END/START----------------------
2023-09-29 09:21:33
pch_cannonlake-virtual-0
Adapter: Virtual device
temp1:        +48.0°C  

nvme-pci-0100
Adapter: PCI adapter
Composite:    +35.9°C  (low  =  -5.2°C, high = +79.8°C)
                       (crit = +84.8°C)

iwlwifi_1-virtual-0
Adapter: Virtual device
temp1:        +42.0°C  

coretemp-isa-0000
Adapter: ISA adapter
Package id 0:  +49.0°C  (high = +100.0°C, crit = +100.0°C)
Core 0:        +49.0°C  (high = +100.0°C, crit = +100.0°C)
Core 1:        +47.0°C  (high = +100.0°C, crit = +100.0°C)

BAT0-acpi-0
Adapter: ACPI interface
in0:           8.09 V  

-----------------------END/START----------------------
2023-09-29 09:21:43
