pch_cannonlake-virtual-0
Adapter: Virtual device
temp1:        +46.0°C  

nvme-pci-0100
Adapter: PCI adapter
Composite:    +35.9°C  (low  =  -5.2°C, high = +79.8°C)
                       (crit = +84.8°C)

iwlwifi_1-virtual-0
Adapter: Virtual device
temp1:        +41.0°C  

coretemp-isa-0000
Adapter: ISA adapter
Package id 0:  +49.0°C  (high = +100.0°C, crit = +100.0°C)
Core 0:        +47.0°C  (high = +100.0°C, crit = +100.0°C)
Core 1:        +47.0°C  (high = +100.0°C, crit = +100.0°C)

BAT0-acpi-0
Adapter: ACPI interface
in0:           7.49 V  

-----------------------END/START----------------------
2023-09-29 09:03:30
pch_cannonlake-virtual-0
Adapter: Virtual device
temp1:        +45.0°C  

nvme-pci-0100
Adapter: PCI adapter
Composite:    +35.9°C  (low  =  -5.2°C, high = +79.8°C)
                       (crit = +84.8°C)

iwlwifi_1-virtual-0
Adapter: Virtual device
temp1:        +41.0°C  

coretemp-isa-0000
Adapter: ISA adapter
Package id 0:  +50.0°C  (high = +100.0°C, crit = +100.0°C)
Core 0:        +48.0°C  (high = +100.0°C, crit = +100.0°C)
Core 1:        +49.0°C  (high = +100.0°C, crit = +100.0°C)

BAT0-acpi-0
Adapter: ACPI interface
in0:           7.49 V  

-----------------------END/START----------------------
2023-09-29 09:03:40
pch_cannonlake-virtual-0
Adapter: Virtual device
temp1:        +44.0°C  

nvme-pci-0100
Adapter: PCI adapter
Composite:    +34.9°C  (low  =  -5.2°C, high = +79.8°C)
                       (crit = +84.8°C)

iwlwifi_1-virtual-0
Adapter: Virtual device
temp1:        +40.0°C  

coretemp-isa-0000
Adapter: ISA adapter
Package id 0:  +48.0°C  (high = +100.0°C, crit = +100.0°C)
Core 0:        +46.0°C  (high = +100.0°C, crit = +100.0°C)
Core 1:        +46.0°C  (high = +100.0°C, crit = +100.0°C)

BAT0-acpi-0
Adapter: ACPI interface
in0:           7.49 V  

-----------------------END/START----------------------
2023-09-29 09:03:50
pch_cannonlake-virtual-0
Adapter: Virtual device
temp1:        +45.0°C  

nvme-pci-0100
Adapter: PCI adapter
Composite:    +34.9°C  (low  =  -5.2°C, high = +79.8°C)
                       (crit = +84.8°C)

iwlwifi_1-virtual-0
Adapter: Virtual device
temp1:        +40.0°C  

coretemp-isa-0000
Adapter: ISA adapter
Package id 0:  +50.0°C  (high = +100.0°C, crit = +100.0°C)
Core 0:        +50.0°C  (high = +100.0°C, crit = +100.0°C)
Core 1:        +48.0°C  (high = +100.0°C, crit = +100.0°C)

BAT0-acpi-0
Adapter: ACPI interface
in0:           7.49 V  

-----------------------END/START----------------------
2023-09-29 09:04:00
pch_cannonlake-virtual-0
Adapter: Virtual device
temp1:        +46.0°C  

nvme-pci-0100
Adapter: PCI adapter
Composite:    +35.9°C  (low  =  -5.2°C, high = +79.8°C)
                       (crit = +84.8°C)

iwlwifi_1-virtual-0
Adapter: Virtual device
temp1:        +40.0°C  

coretemp-isa-0000
Adapter: ISA adapter
Package id 0:  +48.0°C  (high = +100.0°C, crit = +100.0°C)
Core 0:        +47.0°C  (high = +100.0°C, crit = +100.0°C)
Core 1:        +48.0°C  (high = +100.0°C, crit = +100.0°C)

BAT0-acpi-0
Adapter: ACPI interface
in0:           7.49 V  

-----------------------END/START----------------------
2023-09-29 09:04:10
pch_cannonlake-virtual-0
Adapter: Virtual device
temp1:        +47.0°C  

nvme-pci-0100
Adapter: PCI adapter
Composite:    +35.9°C  (low  =  -5.2°C, high = +79.8°C)
                       (crit = +84.8°C)

iwlwifi_1-virtual-0
Adapter: Virtual device
temp1:        +41.0°C  

coretemp-isa-0000
Adapter: ISA adapter
Package id 0:  +49.0°C  (high = +100.0°C, crit = +100.0°C)
Core 0:        +47.0°C  (high = +100.0°C, crit = +100.0°C)
Core 1:        +49.0°C  (high = +100.0°C, crit = +100.0°C)

BAT0-acpi-0
Adapter: ACPI interface
in0:           7.39 V  

-----------------------END/START----------------------
2023-09-29 09:04:21
pch_cannonlake-virtual-0
Adapter: Virtual device
temp1:        +48.0°C  

nvme-pci-0100
Adapter: PCI adapter
Composite:    +34.9°C  (low  =  -5.2°C, high = +79.8°C)
                       (crit = +84.8°C)

iwlwifi_1-virtual-0
Adapter: Virtual device
temp1:        +41.0°C  

coretemp-isa-0000
Adapter: ISA adapter
Package id 0:  +48.0°C  (high = +100.0°C, crit = +100.0°C)
Core 0:        +48.0°C  (high = +100.0°C, crit = +100.0°C)
Core 1:        +47.0°C  (high = +100.0°C, crit = +100.0°C)

BAT0-acpi-0
Adapter: ACPI interface
in0:           7.48 V  

-----------------------END/START----------------------
2023-09-29 09:04:31
pch_cannonlake-virtual-0
Adapter: Virtual device
temp1:        +46.0°C  

nvme-pci-0100
Adapter: PCI adapter
Composite:    +34.9°C  (low  =  -5.2°C, high = +79.8°C)
                       (crit = +84.8°C)

iwlwifi_1-virtual-0
Adapter: Virtual device
temp1:        +41.0°C  

coretemp-isa-0000
Adapter: ISA adapter
Package id 0:  +49.0°C  (high = +100.0°C, crit = +100.0°C)
Core 0:        +47.0°C  (high = +100.0°C, crit = +100.0°C)
Core 1:        +49.0°C  (high = +100.0°C, crit = +100.0°C)

BAT0-acpi-0
Adapter: ACPI interface
in0:           7.45 V  

-----------------------END/START----------------------
2023-09-29 09:04:41
pch_cannonlake-virtual-0
Adapter: Virtual device
temp1:        +48.0°C  

nvme-pci-0100
Adapter: PCI adapter
Composite:    +35.9°C  (low  =  -5.2°C, high = +79.8°C)
                       (crit = +84.8°C)

iwlwifi_1-virtual-0
Adapter: Virtual device
temp1:        +40.0°C  

coretemp-isa-0000
Adapter: ISA adapter
Package id 0:  +48.0°C  (high = +100.0°C, crit = +100.0°C)
Core 0:        +46.0°C  (high = +100.0°C, crit = +100.0°C)
Core 1:        +47.0°C  (high = +100.0°C, crit = +100.0°C)

BAT0-acpi-0
Adapter: ACPI interface
in0:           7.47 V  

-----------------------END/START----------------------
2023-09-29 09:04:51
pch_cannonlake-virtual-0
Adapter: Virtual device
temp1:        +45.0°C  

nvme-pci-0100
Adapter: PCI adapter
Composite:    +35.9°C  (low  =  -5.2°C, high = +79.8°C)
                       (crit = +84.8°C)

iwlwifi_1-virtual-0
Adapter: Virtual device
temp1:        +41.0°C  

coretemp-isa-0000
Adapter: ISA adapter
Package id 0:  +48.0°C  (high = +100.0°C, crit = +100.0°C)
Core 0:        +47.0°C  (high = +100.0°C, crit = +100.0°C)
Core 1:        +47.0°C  (high = +100.0°C, crit = +100.0°C)

BAT0-acpi-0
Adapter: ACPI interface
in0:           7.46 V  

-----------------------END/START----------------------
2023-09-29 09:05:01
pch_cannonlake-virtual-0
Adapter: Virtual device
temp1:        +46.0°C  

nvme-pci-0100
Adapter: PCI adapter
Composite:    +34.9°C  (low  =  -5.2°C, high = +79.8°C)
                       (crit = +84.8°C)

iwlwifi_1-virtual-0
Adapter: Virtual device
temp1:        +41.0°C  

coretemp-isa-0000
Adapter: ISA adapter
Package id 0:  +48.0°C  (high = +100.0°C, crit = +100.0°C)
Core 0:        +47.0°C  (high = +100.0°C, crit = +100.0°C)
Core 1:        +49.0°C  (high = +100.0°C, crit = +100.0°C)

BAT0-acpi-0
Adapter: ACPI interface
in0:           7.41 V  

-----------------------END/START----------------------
2023-09-29 09:05:11
pch_cannonlake-virtual-0
Adapter: Virtual device
temp1:        +47.0°C  

nvme-pci-0100
Adapter: PCI adapter
Composite:    +35.9°C  (low  =  -5.2°C, high = +79.8°C)
                       (crit = +84.8°C)

iwlwifi_1-virtual-0
Adapter: Virtual device
temp1:        +41.0°C  

coretemp-isa-0000
Adapter: ISA adapter
Package id 0:  +48.0°C  (high = +100.0°C, crit = +100.0°C)
Core 0:        +47.0°C  (high = +100.0°C, crit = +100.0°C)
Core 1:        +48.0°C  (high = +100.0°C, crit = +100.0°C)

BAT0-acpi-0
Adapter: ACPI interface
in0:           7.39 V  

-----------------------END/START----------------------
2023-09-29 09:05:21
pch_cannonlake-virtual-0
Adapter: Virtual device
temp1:        +50.0°C  

nvme-pci-0100
Adapter: PCI adapter
Composite:    +35.9°C  (low  =  -5.2°C, high = +79.8°C)
                       (crit = +84.8°C)

iwlwifi_1-virtual-0
Adapter: Virtual device
temp1:        +41.0°C  

coretemp-isa-0000
Adapter: ISA adapter
Package id 0:  +49.0°C  (high = +100.0°C, crit = +100.0°C)
Core 0:        +48.0°C  (high = +100.0°C, crit = +100.0°C)
Core 1:        +48.0°C  (high = +100.0°C, crit = +100.0°C)

BAT0-acpi-0
Adapter: ACPI interface
in0:           7.41 V  

-----------------------END/START----------------------
2023-09-29 09:05:31
pch_cannonlake-virtual-0
Adapter: Virtual device
temp1:        +46.0°C  

nvme-pci-0100
Adapter: PCI adapter
Composite:    +35.9°C  (low  =  -5.2°C, high = +79.8°C)
                       (crit = +84.8°C)

iwlwifi_1-virtual-0
Adapter: Virtual device
temp1:        +41.0°C  

coretemp-isa-0000
Adapter: ISA adapter
Package id 0:  +48.0°C  (high = +100.0°C, crit = +100.0°C)
Core 0:        +47.0°C  (high = +100.0°C, crit = +100.0°C)
Core 1:        +47.0°C  (high = +100.0°C, crit = +100.0°C)

BAT0-acpi-0
Adapter: ACPI interface
in0:           7.51 V  

-----------------------END/START----------------------
2023-09-29 09:05:41
pch_cannonlake-virtual-0
Adapter: Virtual device
temp1:        +47.0°C  

nvme-pci-0100
Adapter: PCI adapter
Composite:    +35.9°C  (low  =  -5.2°C, high = +79.8°C)
                       (crit = +84.8°C)

iwlwifi_1-virtual-0
Adapter: Virtual device
temp1:        +41.0°C  

coretemp-isa-0000
Adapter: ISA adapter
Package id 0:  +48.0°C  (high = +100.0°C, crit = +100.0°C)
Core 0:        +47.0°C  (high = +100.0°C, crit = +100.0°C)
Core 1:        +47.0°C  (high = +100.0°C, crit = +100.0°C)

BAT0-acpi-0
Adapter: ACPI interface
in0:           7.43 V  

-----------------------END/START----------------------
2023-09-29 09:05:51
pch_cannonlake-virtual-0
Adapter: Virtual device
temp1:        +45.0°C  

nvme-pci-0100
Adapter: PCI adapter
Composite:    +35.9°C  (low  =  -5.2°C, high = +79.8°C)
                       (crit = +84.8°C)

iwlwifi_1-virtual-0
Adapter: Virtual device
temp1:        +41.0°C  

coretemp-isa-0000
Adapter: ISA adapter
Package id 0:  +48.0°C  (high = +100.0°C, crit = +100.0°C)
Core 0:        +47.0°C  (high = +100.0°C, crit = +100.0°C)
Core 1:        +47.0°C  (high = +100.0°C, crit = +100.0°C)

BAT0-acpi-0
Adapter: ACPI interface
in0:           7.47 V  

-----------------------END/START----------------------
2023-09-29 09:06:01
pch_cannonlake-virtual-0
Adapter: Virtual device
temp1:        +47.0°C  

nvme-pci-0100
Adapter: PCI adapter
Composite:    +35.9°C  (low  =  -5.2°C, high = +79.8°C)
                       (crit = +84.8°C)

iwlwifi_1-virtual-0
Adapter: Virtual device
temp1:        +41.0°C  

coretemp-isa-0000
Adapter: ISA adapter
Package id 0:  +48.0°C  (high = +100.0°C, crit = +100.0°C)
Core 0:        +46.0°C  (high = +100.0°C, crit = +100.0°C)
Core 1:        +47.0°C  (high = +100.0°C, crit = +100.0°C)

BAT0-acpi-0
Adapter: ACPI interface
in0:           7.47 V  

-----------------------END/START----------------------
2023-09-29 09:06:11
pch_cannonlake-virtual-0
Adapter: Virtual device
temp1:        +47.0°C  

nvme-pci-0100
Adapter: PCI adapter
Composite:    +35.9°C  (low  =  -5.2°C, high = +79.8°C)
                       (crit = +84.8°C)

iwlwifi_1-virtual-0
Adapter: Virtual device
temp1:        +41.0°C  

coretemp-isa-0000
Adapter: ISA adapter
Package id 0:  +53.0°C  (high = +100.0°C, crit = +100.0°C)
Core 0:        +52.0°C  (high = +100.0°C, crit = +100.0°C)
Core 1:        +53.0°C  (high = +100.0°C, crit = +100.0°C)

BAT0-acpi-0
Adapter: ACPI interface
in0:           7.47 V  

-----------------------END/START----------------------
2023-09-29 09:06:22
pch_cannonlake-virtual-0
Adapter: Virtual device
temp1:        +47.0°C  

nvme-pci-0100
Adapter: PCI adapter
Composite:    +35.9°C  (low  =  -5.2°C, high = +79.8°C)
                       (crit = +84.8°C)

iwlwifi_1-virtual-0
Adapter: Virtual device
temp1:        +41.0°C  

coretemp-isa-0000
Adapter: ISA adapter
Package id 0:  +48.0°C  (high = +100.0°C, crit = +100.0°C)
Core 0:        +47.0°C  (high = +100.0°C, crit = +100.0°C)
Core 1:        +47.0°C  (high = +100.0°C, crit = +100.0°C)

BAT0-acpi-0
Adapter: ACPI interface
in0:           7.47 V  

-----------------------END/START----------------------
2023-09-29 09:06:32
pch_cannonlake-virtual-0
Adapter: Virtual device
temp1:        +46.0°C  

nvme-pci-0100
Adapter: PCI adapter
Composite:    +35.9°C  (low  =  -5.2°C, high = +79.8°C)
                       (crit = +84.8°C)

iwlwifi_1-virtual-0
Adapter: Virtual device
temp1:        +41.0°C  

coretemp-isa-0000
Adapter: ISA adapter
Package id 0:  +48.0°C  (high = +100.0°C, crit = +100.0°C)
Core 0:        +48.0°C  (high = +100.0°C, crit = +100.0°C)
Core 1:        +47.0°C  (high = +100.0°C, crit = +100.0°C)

BAT0-acpi-0
Adapter: ACPI interface
in0:           7.47 V  

-----------------------END/START----------------------
2023-09-29 09:06:42
pch_cannonlake-virtual-0
Adapter: Virtual device
temp1:        +46.0°C  

nvme-pci-0100
Adapter: PCI adapter
Composite:    +35.9°C  (low  =  -5.2°C, high = +79.8°C)
                       (crit = +84.8°C)

iwlwifi_1-virtual-0
Adapter: Virtual device
temp1:        +40.0°C  

coretemp-isa-0000
Adapter: ISA adapter
Package id 0:  +47.0°C  (high = +100.0°C, crit = +100.0°C)
Core 0:        +46.0°C  (high = +100.0°C, crit = +100.0°C)
Core 1:        +46.0°C  (high = +100.0°C, crit = +100.0°C)

BAT0-acpi-0
Adapter: ACPI interface
in0:           7.47 V  

-----------------------END/START----------------------
2023-09-29 09:06:52
pch_cannonlake-virtual-0
Adapter: Virtual device
temp1:        +46.0°C  

nvme-pci-0100
Adapter: PCI adapter
Composite:    +35.9°C  (low  =  -5.2°C, high = +79.8°C)
                       (crit = +84.8°C)

iwlwifi_1-virtual-0
Adapter: Virtual device
temp1:        +41.0°C  

coretemp-isa-0000
Adapter: ISA adapter
Package id 0:  +48.0°C  (high = +100.0°C, crit = +100.0°C)
Core 0:        +46.0°C  (high = +100.0°C, crit = +100.0°C)
Core 1:        +47.0°C  (high = +100.0°C, crit = +100.0°C)

BAT0-acpi-0
Adapter: ACPI interface
in0:           7.46 V  

-----------------------END/START----------------------
2023-09-29 09:07:02
pch_cannonlake-virtual-0
Adapter: Virtual device
temp1:        +48.0°C  

nvme-pci-0100
Adapter: PCI adapter
Composite:    +35.9°C  (low  =  -5.2°C, high = +79.8°C)
                       (crit = +84.8°C)

iwlwifi_1-virtual-0
Adapter: Virtual device
temp1:        +42.0°C  

coretemp-isa-0000
Adapter: ISA adapter
Package id 0:  +54.0°C  (high = +100.0°C, crit = +100.0°C)
Core 0:        +47.0°C  (high = +100.0°C, crit = +100.0°C)
Core 1:        +54.0°C  (high = +100.0°C, crit = +100.0°C)

BAT0-acpi-0
Adapter: ACPI interface
in0:           7.45 V  

-----------------------END/START----------------------
2023-09-29 09:07:12
pch_cannonlake-virtual-0
Adapter: Virtual device
temp1:        +46.0°C  

nvme-pci-0100
Adapter: PCI adapter
Composite:    +35.9°C  (low  =  -5.2°C, high = +79.8°C)
                       (crit = +84.8°C)

iwlwifi_1-virtual-0
Adapter: Virtual device
temp1:        +42.0°C  

coretemp-isa-0000
Adapter: ISA adapter
Package id 0:  +51.0°C  (high = +100.0°C, crit = +100.0°C)
Core 0:        +47.0°C  (high = +100.0°C, crit = +100.0°C)
Core 1:        +51.0°C  (high = +100.0°C, crit = +100.0°C)

BAT0-acpi-0
Adapter: ACPI interface
in0:           7.47 V  

-----------------------END/START----------------------
2023-09-29 09:07:22
pch_cannonlake-virtual-0
Adapter: Virtual device
temp1:        +48.0°C  

nvme-pci-0100
Adapter: PCI adapter
Composite:    +35.9°C  (low  =  -5.2°C, high = +79.8°C)
                       (crit = +84.8°C)

iwlwifi_1-virtual-0
Adapter: Virtual device
temp1:        +42.0°C  

coretemp-isa-0000
Adapter: ISA adapter
Package id 0:  +54.0°C  (high = +100.0°C, crit = +100.0°C)
Core 0:        +49.0°C  (high = +100.0°C, crit = +100.0°C)
Core 1:        +54.0°C  (high = +100.0°C, crit = +100.0°C)

BAT0-acpi-0
Adapter: ACPI interface
in0:           7.38 V  

-----------------------END/START----------------------
2023-09-29 09:07:32
pch_cannonlake-virtual-0
Adapter: Virtual device
temp1:        +46.0°C  

nvme-pci-0100
Adapter: PCI adapter
Composite:    +35.9°C  (low  =  -5.2°C, high = +79.8°C)
                       (crit = +84.8°C)

iwlwifi_1-virtual-0
Adapter: Virtual device
temp1:        +42.0°C  

coretemp-isa-0000
Adapter: ISA adapter
Package id 0:  +47.0°C  (high = +100.0°C, crit = +100.0°C)
Core 0:        +46.0°C  (high = +100.0°C, crit = +100.0°C)
Core 1:        +47.0°C  (high = +100.0°C, crit = +100.0°C)

BAT0-acpi-0
Adapter: ACPI interface
in0:           7.48 V  

-----------------------END/START----------------------
2023-09-29 09:07:42
pch_cannonlake-virtual-0
Adapter: Virtual device
temp1:        +49.0°C  

nvme-pci-0100
Adapter: PCI adapter
Composite:    +35.9°C  (low  =  -5.2°C, high = +79.8°C)
                       (crit = +84.8°C)

iwlwifi_1-virtual-0
Adapter: Virtual device
temp1:        +43.0°C  

coretemp-isa-0000
Adapter: ISA adapter
Package id 0:  +54.0°C  (high = +100.0°C, crit = +100.0°C)
Core 0:        +54.0°C  (high = +100.0°C, crit = +100.0°C)
Core 1:        +53.0°C  (high = +100.0°C, crit = +100.0°C)

BAT0-acpi-0
Adapter: ACPI interface
in0:           7.46 V  

-----------------------END/START----------------------
2023-09-29 09:07:52
pch_cannonlake-virtual-0
Adapter: Virtual device
temp1:        +46.0°C  

nvme-pci-0100
Adapter: PCI adapter
Composite:    +35.9°C  (low  =  -5.2°C, high = +79.8°C)
                       (crit = +84.8°C)

iwlwifi_1-virtual-0
Adapter: Virtual device
temp1:        +43.0°C  

coretemp-isa-0000
Adapter: ISA adapter
Package id 0:  +48.0°C  (high = +100.0°C, crit = +100.0°C)
Core 0:        +46.0°C  (high = +100.0°C, crit = +100.0°C)
Core 1:        +47.0°C  (high = +100.0°C, crit = +100.0°C)

BAT0-acpi-0
Adapter: ACPI interface
in0:           7.45 V  

-----------------------END/START----------------------
2023-09-29 09:08:02
pch_cannonlake-virtual-0
Adapter: Virtual device
temp1:        +48.0°C  

nvme-pci-0100
Adapter: PCI adapter
Composite:    +35.9°C  (low  =  -5.2°C, high = +79.8°C)
                       (crit = +84.8°C)

iwlwifi_1-virtual-0
Adapter: Virtual device
temp1:        +43.0°C  

coretemp-isa-0000
Adapter: ISA adapter
Package id 0:  +54.0°C  (high = +100.0°C, crit = +100.0°C)
Core 0:        +52.0°C  (high = +100.0°C, crit = +100.0°C)
Core 1:        +54.0°C  (high = +100.0°C, crit = +100.0°C)

BAT0-acpi-0
Adapter: ACPI interface
in0:           7.38 V  

-----------------------END/START----------------------
2023-09-29 09:08:12
pch_cannonlake-virtual-0
Adapter: Virtual device
temp1:        +49.0°C  

nvme-pci-0100
Adapter: PCI adapter
Composite:    +35.9°C  (low  =  -5.2°C, high = +79.8°C)
                       (crit = +84.8°C)

iwlwifi_1-virtual-0
Adapter: Virtual device
temp1:        +42.0°C  

coretemp-isa-0000
Adapter: ISA adapter
Package id 0:  +51.0°C  (high = +100.0°C, crit = +100.0°C)
Core 0:        +49.0°C  (high = +100.0°C, crit = +100.0°C)
Core 1:        +51.0°C  (high = +100.0°C, crit = +100.0°C)

BAT0-acpi-0
Adapter: ACPI interface
in0:           7.47 V  

-----------------------END/START----------------------
2023-09-29 09:08:22
pch_cannonlake-virtual-0
Adapter: Virtual device
temp1:        +47.0°C  

nvme-pci-0100
Adapter: PCI adapter
Composite:    +35.9°C  (low  =  -5.2°C, high = +79.8°C)
                       (crit = +84.8°C)

iwlwifi_1-virtual-0
Adapter: Virtual device
temp1:        +41.0°C  

coretemp-isa-0000
Adapter: ISA adapter
Package id 0:  +49.0°C  (high = +100.0°C, crit = +100.0°C)
Core 0:        +47.0°C  (high = +100.0°C, crit = +100.0°C)
Core 1:        +48.0°C  (high = +100.0°C, crit = +100.0°C)

BAT0-acpi-0
Adapter: ACPI interface
in0:           7.45 V  

-----------------------END/START----------------------
2023-09-29 09:08:32
pch_cannonlake-virtual-0
Adapter: Virtual device
temp1:        +48.0°C  

nvme-pci-0100
Adapter: PCI adapter
Composite:    +36.9°C  (low  =  -5.2°C, high = +79.8°C)
                       (crit = +84.8°C)

iwlwifi_1-virtual-0
Adapter: Virtual device
temp1:        +42.0°C  

coretemp-isa-0000
Adapter: ISA adapter
Package id 0:  +48.0°C  (high = +100.0°C, crit = +100.0°C)
Core 0:        +47.0°C  (high = +100.0°C, crit = +100.0°C)
Core 1:        +47.0°C  (high = +100.0°C, crit = +100.0°C)

BAT0-acpi-0
Adapter: ACPI interface
in0:           7.37 V  

-----------------------END/START----------------------
2023-09-29 09:08:42
pch_cannonlake-virtual-0
Adapter: Virtual device
temp1:        +47.0°C  

nvme-pci-0100
Adapter: PCI adapter
Composite:    +36.9°C  (low  =  -5.2°C, high = +79.8°C)
                       (crit = +84.8°C)

iwlwifi_1-virtual-0
Adapter: Virtual device
temp1:        +42.0°C  

coretemp-isa-0000
Adapter: ISA adapter
Package id 0:  +49.0°C  (high = +100.0°C, crit = +100.0°C)
Core 0:        +49.0°C  (high = +100.0°C, crit = +100.0°C)
Core 1:        +49.0°C  (high = +100.0°C, crit = +100.0°C)

BAT0-acpi-0
Adapter: ACPI interface
in0:           7.50 V  

-----------------------END/START----------------------
2023-09-29 09:08:52
pch_cannonlake-virtual-0
Adapter: Virtual device
temp1:        +46.0°C  

nvme-pci-0100
Adapter: PCI adapter
Composite:    +36.9°C  (low  =  -5.2°C, high = +79.8°C)
                       (crit = +84.8°C)

iwlwifi_1-virtual-0
Adapter: Virtual device
temp1:        +41.0°C  

coretemp-isa-0000
Adapter: ISA adapter
Package id 0:  +48.0°C  (high = +100.0°C, crit = +100.0°C)
Core 0:        +47.0°C  (high = +100.0°C, crit = +100.0°C)
Core 1:        +47.0°C  (high = +100.0°C, crit = +100.0°C)

BAT0-acpi-0
Adapter: ACPI interface
in0:           7.45 V  

-----------------------END/START----------------------
2023-09-29 09:09:02
pch_cannonlake-virtual-0
Adapter: Virtual device
temp1:        +44.0°C  

nvme-pci-0100
Adapter: PCI adapter
Composite:    +36.9°C  (low  =  -5.2°C, high = +79.8°C)
                       (crit = +84.8°C)

iwlwifi_1-virtual-0
Adapter: Virtual device
temp1:        +41.0°C  

coretemp-isa-0000
Adapter: ISA adapter
Package id 0:  +49.0°C  (high = +100.0°C, crit = +100.0°C)
Core 0:        +47.0°C  (high = +100.0°C, crit = +100.0°C)
Core 1:        +48.0°C  (high = +100.0°C, crit = +100.0°C)

BAT0-acpi-0
Adapter: ACPI interface
in0:           7.45 V  

-----------------------END/START----------------------
2023-09-29 09:09:12
pch_cannonlake-virtual-0
Adapter: Virtual device
temp1:        +47.0°C  

nvme-pci-0100
Adapter: PCI adapter
Composite:    +35.9°C  (low  =  -5.2°C, high = +79.8°C)
                       (crit = +84.8°C)

iwlwifi_1-virtual-0
Adapter: Virtual device
temp1:        +42.0°C  

coretemp-isa-0000
Adapter: ISA adapter
Package id 0:  +48.0°C  (high = +100.0°C, crit = +100.0°C)
Core 0:        +47.0°C  (high = +100.0°C, crit = +100.0°C)
Core 1:        +47.0°C  (high = +100.0°C, crit = +100.0°C)

BAT0-acpi-0
Adapter: ACPI interface
in0:           7.44 V  

-----------------------END/START----------------------
2023-09-29 09:09:22
pch_cannonlake-virtual-0
Adapter: Virtual device
temp1:        +46.0°C  

nvme-pci-0100
Adapter: PCI adapter
Composite:    +35.9°C  (low  =  -5.2°C, high = +79.8°C)
                       (crit = +84.8°C)

iwlwifi_1-virtual-0
Adapter: Virtual device
temp1:        +42.0°C  

coretemp-isa-0000
Adapter: ISA adapter
Package id 0:  +53.0°C  (high = +100.0°C, crit = +100.0°C)
Core 0:        +49.0°C  (high = +100.0°C, crit = +100.0°C)
Core 1:        +53.0°C  (high = +100.0°C, crit = +100.0°C)

BAT0-acpi-0
Adapter: ACPI interface
in0:           7.36 V  

-----------------------END/START----------------------
2023-09-29 09:09:32
pch_cannonlake-virtual-0
Adapter: Virtual device
temp1:        +47.0°C  

nvme-pci-0100
Adapter: PCI adapter
Composite:    +35.9°C  (low  =  -5.2°C, high = +79.8°C)
                       (crit = +84.8°C)

iwlwifi_1-virtual-0
Adapter: Virtual device
temp1:        +41.0°C  

coretemp-isa-0000
Adapter: ISA adapter
Package id 0:  +49.0°C  (high = +100.0°C, crit = +100.0°C)
Core 0:        +48.0°C  (high = +100.0°C, crit = +100.0°C)
Core 1:        +48.0°C  (high = +100.0°C, crit = +100.0°C)

BAT0-acpi-0
Adapter: ACPI interface
in0:           7.43 V  

-----------------------END/START----------------------
2023-09-29 09:09:43
pch_cannonlake-virtual-0
Adapter: Virtual device
temp1:        +48.0°C  

nvme-pci-0100
Adapter: PCI adapter
Composite:    +35.9°C  (low  =  -5.2°C, high = +79.8°C)
                       (crit = +84.8°C)

iwlwifi_1-virtual-0
Adapter: Virtual device
temp1:        +42.0°C  

coretemp-isa-0000
Adapter: ISA adapter
Package id 0:  +48.0°C  (high = +100.0°C, crit = +100.0°C)
Core 0:        +47.0°C  (high = +100.0°C, crit = +100.0°C)
Core 1:        +48.0°C  (high = +100.0°C, crit = +100.0°C)

BAT0-acpi-0
Adapter: ACPI interface
in0:           7.45 V  

-----------------------END/START----------------------
2023-09-29 09:09:53
pch_cannonlake-virtual-0
Adapter: Virtual device
temp1:        +46.0°C  

nvme-pci-0100
Adapter: PCI adapter
Composite:    +35.9°C  (low  =  -5.2°C, high = +79.8°C)
                       (crit = +84.8°C)

iwlwifi_1-virtual-0
Adapter: Virtual device
temp1:        +41.0°C  

coretemp-isa-0000
Adapter: ISA adapter
Package id 0:  +48.0°C  (high = +100.0°C, crit = +100.0°C)
Core 0:        +47.0°C  (high = +100.0°C, crit = +100.0°C)
Core 1:        +47.0°C  (high = +100.0°C, crit = +100.0°C)

BAT0-acpi-0
Adapter: ACPI interface
in0:           7.42 V  

-----------------------END/START----------------------
2023-09-29 09:10:03
pch_cannonlake-virtual-0
Adapter: Virtual device
temp1:        +47.0°C  

nvme-pci-0100
Adapter: PCI adapter
Composite:    +35.9°C  (low  =  -5.2°C, high = +79.8°C)
                       (crit = +84.8°C)

iwlwifi_1-virtual-0
Adapter: Virtual device
temp1:        +41.0°C  

coretemp-isa-0000
Adapter: ISA adapter
Package id 0:  +52.0°C  (high = +100.0°C, crit = +100.0°C)
Core 0:        +52.0°C  (high = +100.0°C, crit = +100.0°C)
Core 1:        +50.0°C  (high = +100.0°C, crit = +100.0°C)

BAT0-acpi-0
Adapter: ACPI interface
in0:           7.43 V  

-----------------------END/START----------------------
2023-09-29 09:10:13
pch_cannonlake-virtual-0
Adapter: Virtual device
temp1:        +47.0°C  

nvme-pci-0100
Adapter: PCI adapter
Composite:    +35.9°C  (low  =  -5.2°C, high = +79.8°C)
                       (crit = +84.8°C)

iwlwifi_1-virtual-0
Adapter: Virtual device
temp1:        +42.0°C  

coretemp-isa-0000
Adapter: ISA adapter
Package id 0:  +49.0°C  (high = +100.0°C, crit = +100.0°C)
Core 0:        +47.0°C  (high = +100.0°C, crit = +100.0°C)
Core 1:        +47.0°C  (high = +100.0°C, crit = +100.0°C)

BAT0-acpi-0
Adapter: ACPI interface
in0:           7.42 V  

-----------------------END/START----------------------
2023-09-29 09:10:23
pch_cannonlake-virtual-0
Adapter: Virtual device
temp1:        +48.0°C  

nvme-pci-0100
Adapter: PCI adapter
Composite:    +35.9°C  (low  =  -5.2°C, high = +79.8°C)
                       (crit = +84.8°C)

iwlwifi_1-virtual-0
Adapter: Virtual device
temp1:        +43.0°C  

coretemp-isa-0000
Adapter: ISA adapter
Package id 0:  +51.0°C  (high = +100.0°C, crit = +100.0°C)
Core 0:        +50.0°C  (high = +100.0°C, crit = +100.0°C)
Core 1:        +51.0°C  (high = +100.0°C, crit = +100.0°C)

BAT0-acpi-0
Adapter: ACPI interface
in0:           7.39 V  

-----------------------END/START----------------------
2023-09-29 09:10:33
