pch_cannonlake-virtual-0
Adapter: Virtual device
temp1:        +51.0°C  

nvme-pci-0100
Adapter: PCI adapter
Composite:    +36.9°C  (low  =  -5.2°C, high = +79.8°C)
                       (crit = +84.8°C)

iwlwifi_1-virtual-0
Adapter: Virtual device
temp1:        +42.0°C  

coretemp-isa-0000
Adapter: ISA adapter
Package id 0:  +54.0°C  (high = +100.0°C, crit = +100.0°C)
Core 0:        +53.0°C  (high = +100.0°C, crit = +100.0°C)
Core 1:        +54.0°C  (high = +100.0°C, crit = +100.0°C)

BAT0-acpi-0
Adapter: ACPI interface
in0:           8.58 V  

-----------------------END/START----------------------
2023-09-29 10:14:35
pch_cannonlake-virtual-0
Adapter: Virtual device
temp1:        +49.0°C  

nvme-pci-0100
Adapter: PCI adapter
Composite:    +35.9°C  (low  =  -5.2°C, high = +79.8°C)
                       (crit = +84.8°C)

iwlwifi_1-virtual-0
Adapter: Virtual device
temp1:        +42.0°C  

coretemp-isa-0000
Adapter: ISA adapter
Package id 0:  +50.0°C  (high = +100.0°C, crit = +100.0°C)
Core 0:        +48.0°C  (high = +100.0°C, crit = +100.0°C)
Core 1:        +50.0°C  (high = +100.0°C, crit = +100.0°C)

BAT0-acpi-0
Adapter: ACPI interface
in0:           8.58 V  

-----------------------END/START----------------------
2023-09-29 10:14:45
pch_cannonlake-virtual-0
Adapter: Virtual device
temp1:        +48.0°C  

nvme-pci-0100
Adapter: PCI adapter
Composite:    +36.9°C  (low  =  -5.2°C, high = +79.8°C)
                       (crit = +84.8°C)

iwlwifi_1-virtual-0
Adapter: Virtual device
temp1:        +43.0°C  

coretemp-isa-0000
Adapter: ISA adapter
Package id 0:  +48.0°C  (high = +100.0°C, crit = +100.0°C)
Core 0:        +46.0°C  (high = +100.0°C, crit = +100.0°C)
Core 1:        +48.0°C  (high = +100.0°C, crit = +100.0°C)

BAT0-acpi-0
Adapter: ACPI interface
in0:           8.58 V  

-----------------------END/START----------------------
2023-09-29 10:14:55
pch_cannonlake-virtual-0
Adapter: Virtual device
temp1:        +47.0°C  

nvme-pci-0100
Adapter: PCI adapter
Composite:    +35.9°C  (low  =  -5.2°C, high = +79.8°C)
                       (crit = +84.8°C)

iwlwifi_1-virtual-0
Adapter: Virtual device
temp1:        +43.0°C  

coretemp-isa-0000
Adapter: ISA adapter
Package id 0:  +49.0°C  (high = +100.0°C, crit = +100.0°C)
Core 0:        +47.0°C  (high = +100.0°C, crit = +100.0°C)
Core 1:        +49.0°C  (high = +100.0°C, crit = +100.0°C)

BAT0-acpi-0
Adapter: ACPI interface
in0:           8.58 V  

-----------------------END/START----------------------
2023-09-29 10:15:05
pch_cannonlake-virtual-0
Adapter: Virtual device
temp1:        +47.0°C  

nvme-pci-0100
Adapter: PCI adapter
Composite:    +36.9°C  (low  =  -5.2°C, high = +79.8°C)
                       (crit = +84.8°C)

iwlwifi_1-virtual-0
Adapter: Virtual device
temp1:        +43.0°C  

coretemp-isa-0000
Adapter: ISA adapter
Package id 0:  +47.0°C  (high = +100.0°C, crit = +100.0°C)
Core 0:        +44.0°C  (high = +100.0°C, crit = +100.0°C)
Core 1:        +45.0°C  (high = +100.0°C, crit = +100.0°C)

BAT0-acpi-0
Adapter: ACPI interface
in0:           8.58 V  

-----------------------END/START----------------------
2023-09-29 10:15:15
pch_cannonlake-virtual-0
Adapter: Virtual device
temp1:        +47.0°C  

nvme-pci-0100
Adapter: PCI adapter
Composite:    +35.9°C  (low  =  -5.2°C, high = +79.8°C)
                       (crit = +84.8°C)

iwlwifi_1-virtual-0
Adapter: Virtual device
temp1:        +43.0°C  

coretemp-isa-0000
Adapter: ISA adapter
Package id 0:  +47.0°C  (high = +100.0°C, crit = +100.0°C)
Core 0:        +45.0°C  (high = +100.0°C, crit = +100.0°C)
Core 1:        +46.0°C  (high = +100.0°C, crit = +100.0°C)

BAT0-acpi-0
Adapter: ACPI interface
in0:           8.58 V  

-----------------------END/START----------------------
2023-09-29 10:15:25
pch_cannonlake-virtual-0
Adapter: Virtual device
temp1:        +46.0°C  

nvme-pci-0100
Adapter: PCI adapter
Composite:    +35.9°C  (low  =  -5.2°C, high = +79.8°C)
                       (crit = +84.8°C)

iwlwifi_1-virtual-0
Adapter: Virtual device
temp1:        +43.0°C  

coretemp-isa-0000
Adapter: ISA adapter
Package id 0:  +46.0°C  (high = +100.0°C, crit = +100.0°C)
Core 0:        +44.0°C  (high = +100.0°C, crit = +100.0°C)
Core 1:        +44.0°C  (high = +100.0°C, crit = +100.0°C)

BAT0-acpi-0
Adapter: ACPI interface
in0:           8.58 V  

-----------------------END/START----------------------
2023-09-29 10:15:35
pch_cannonlake-virtual-0
Adapter: Virtual device
temp1:        +46.0°C  

nvme-pci-0100
Adapter: PCI adapter
Composite:    +35.9°C  (low  =  -5.2°C, high = +79.8°C)
                       (crit = +84.8°C)

iwlwifi_1-virtual-0
Adapter: Virtual device
temp1:            N/A  

coretemp-isa-0000
Adapter: ISA adapter
Package id 0:  +48.0°C  (high = +100.0°C, crit = +100.0°C)
Core 0:        +46.0°C  (high = +100.0°C, crit = +100.0°C)
Core 1:        +48.0°C  (high = +100.0°C, crit = +100.0°C)

BAT0-acpi-0
Adapter: ACPI interface
in0:           8.58 V  

-----------------------END/START----------------------
2023-09-29 10:15:45
pch_cannonlake-virtual-0
Adapter: Virtual device
temp1:        +45.0°C  

nvme-pci-0100
Adapter: PCI adapter
Composite:    +36.9°C  (low  =  -5.2°C, high = +79.8°C)
                       (crit = +84.8°C)

iwlwifi_1-virtual-0
Adapter: Virtual device
temp1:        +44.0°C  

coretemp-isa-0000
Adapter: ISA adapter
Package id 0:  +46.0°C  (high = +100.0°C, crit = +100.0°C)
Core 0:        +44.0°C  (high = +100.0°C, crit = +100.0°C)
Core 1:        +44.0°C  (high = +100.0°C, crit = +100.0°C)

BAT0-acpi-0
Adapter: ACPI interface
in0:           8.58 V  

-----------------------END/START----------------------
2023-09-29 10:15:56
pch_cannonlake-virtual-0
Adapter: Virtual device
temp1:        +45.0°C  

nvme-pci-0100
Adapter: PCI adapter
Composite:    +36.9°C  (low  =  -5.2°C, high = +79.8°C)
                       (crit = +84.8°C)

iwlwifi_1-virtual-0
Adapter: Virtual device
temp1:        +42.0°C  

coretemp-isa-0000
Adapter: ISA adapter
Package id 0:  +46.0°C  (high = +100.0°C, crit = +100.0°C)
Core 0:        +44.0°C  (high = +100.0°C, crit = +100.0°C)
Core 1:        +45.0°C  (high = +100.0°C, crit = +100.0°C)

BAT0-acpi-0
Adapter: ACPI interface
in0:           8.58 V  

-----------------------END/START----------------------
2023-09-29 10:16:06
pch_cannonlake-virtual-0
Adapter: Virtual device
temp1:        +44.0°C  

nvme-pci-0100
Adapter: PCI adapter
Composite:    +35.9°C  (low  =  -5.2°C, high = +79.8°C)
                       (crit = +84.8°C)

iwlwifi_1-virtual-0
Adapter: Virtual device
temp1:        +43.0°C  

coretemp-isa-0000
Adapter: ISA adapter
Package id 0:  +50.0°C  (high = +100.0°C, crit = +100.0°C)
Core 0:        +50.0°C  (high = +100.0°C, crit = +100.0°C)
Core 1:        +46.0°C  (high = +100.0°C, crit = +100.0°C)

BAT0-acpi-0
Adapter: ACPI interface
in0:           8.59 V  

-----------------------END/START----------------------
2023-09-29 10:16:16
pch_cannonlake-virtual-0
Adapter: Virtual device
temp1:        +45.0°C  

nvme-pci-0100
Adapter: PCI adapter
Composite:    +36.9°C  (low  =  -5.2°C, high = +79.8°C)
                       (crit = +84.8°C)

iwlwifi_1-virtual-0
Adapter: Virtual device
temp1:        +43.0°C  

coretemp-isa-0000
Adapter: ISA adapter
Package id 0:  +45.0°C  (high = +100.0°C, crit = +100.0°C)
Core 0:        +43.0°C  (high = +100.0°C, crit = +100.0°C)
Core 1:        +44.0°C  (high = +100.0°C, crit = +100.0°C)

BAT0-acpi-0
Adapter: ACPI interface
in0:           8.58 V  

-----------------------END/START----------------------
2023-09-29 10:16:26
pch_cannonlake-virtual-0
Adapter: Virtual device
temp1:        +45.0°C  

nvme-pci-0100
Adapter: PCI adapter
Composite:    +36.9°C  (low  =  -5.2°C, high = +79.8°C)
                       (crit = +84.8°C)

iwlwifi_1-virtual-0
Adapter: Virtual device
temp1:        +42.0°C  

coretemp-isa-0000
Adapter: ISA adapter
Package id 0:  +45.0°C  (high = +100.0°C, crit = +100.0°C)
Core 0:        +43.0°C  (high = +100.0°C, crit = +100.0°C)
Core 1:        +44.0°C  (high = +100.0°C, crit = +100.0°C)

BAT0-acpi-0
Adapter: ACPI interface
in0:           8.58 V  

-----------------------END/START----------------------
2023-09-29 10:16:36
pch_cannonlake-virtual-0
Adapter: Virtual device
temp1:        +44.0°C  

nvme-pci-0100
Adapter: PCI adapter
Composite:    +36.9°C  (low  =  -5.2°C, high = +79.8°C)
                       (crit = +84.8°C)

iwlwifi_1-virtual-0
Adapter: Virtual device
temp1:        +43.0°C  

coretemp-isa-0000
Adapter: ISA adapter
Package id 0:  +45.0°C  (high = +100.0°C, crit = +100.0°C)
Core 0:        +43.0°C  (high = +100.0°C, crit = +100.0°C)
Core 1:        +44.0°C  (high = +100.0°C, crit = +100.0°C)

BAT0-acpi-0
Adapter: ACPI interface
in0:           8.58 V  

-----------------------END/START----------------------
2023-09-29 10:16:46
pch_cannonlake-virtual-0
Adapter: Virtual device
temp1:        +44.0°C  

nvme-pci-0100
Adapter: PCI adapter
Composite:    +36.9°C  (low  =  -5.2°C, high = +79.8°C)
                       (crit = +84.8°C)

iwlwifi_1-virtual-0
Adapter: Virtual device
temp1:        +43.0°C  

coretemp-isa-0000
Adapter: ISA adapter
Package id 0:  +44.0°C  (high = +100.0°C, crit = +100.0°C)
Core 0:        +42.0°C  (high = +100.0°C, crit = +100.0°C)
Core 1:        +43.0°C  (high = +100.0°C, crit = +100.0°C)

BAT0-acpi-0
Adapter: ACPI interface
in0:           8.59 V  

-----------------------END/START----------------------
2023-09-29 10:16:56
pch_cannonlake-virtual-0
Adapter: Virtual device
temp1:        +45.0°C  

nvme-pci-0100
Adapter: PCI adapter
Composite:    +36.9°C  (low  =  -5.2°C, high = +79.8°C)
                       (crit = +84.8°C)

iwlwifi_1-virtual-0
Adapter: Virtual device
temp1:        +42.0°C  

coretemp-isa-0000
Adapter: ISA adapter
Package id 0:  +45.0°C  (high = +100.0°C, crit = +100.0°C)
Core 0:        +44.0°C  (high = +100.0°C, crit = +100.0°C)
Core 1:        +44.0°C  (high = +100.0°C, crit = +100.0°C)

BAT0-acpi-0
Adapter: ACPI interface
in0:           8.58 V  

-----------------------END/START----------------------
2023-09-29 10:17:06
pch_cannonlake-virtual-0
Adapter: Virtual device
temp1:        +44.0°C  

nvme-pci-0100
Adapter: PCI adapter
Composite:    +36.9°C  (low  =  -5.2°C, high = +79.8°C)
                       (crit = +84.8°C)

iwlwifi_1-virtual-0
Adapter: Virtual device
temp1:        +43.0°C  

coretemp-isa-0000
Adapter: ISA adapter
Package id 0:  +44.0°C  (high = +100.0°C, crit = +100.0°C)
Core 0:        +42.0°C  (high = +100.0°C, crit = +100.0°C)
Core 1:        +43.0°C  (high = +100.0°C, crit = +100.0°C)

BAT0-acpi-0
Adapter: ACPI interface
in0:           8.58 V  

-----------------------END/START----------------------
2023-09-29 10:17:16
pch_cannonlake-virtual-0
Adapter: Virtual device
temp1:        +43.0°C  

nvme-pci-0100
Adapter: PCI adapter
Composite:    +36.9°C  (low  =  -5.2°C, high = +79.8°C)
                       (crit = +84.8°C)

iwlwifi_1-virtual-0
Adapter: Virtual device
temp1:        +42.0°C  

coretemp-isa-0000
Adapter: ISA adapter
Package id 0:  +44.0°C  (high = +100.0°C, crit = +100.0°C)
Core 0:        +43.0°C  (high = +100.0°C, crit = +100.0°C)
Core 1:        +43.0°C  (high = +100.0°C, crit = +100.0°C)

BAT0-acpi-0
Adapter: ACPI interface
in0:           8.58 V  

-----------------------END/START----------------------
2023-09-29 10:17:26
