pch_cannonlake-virtual-0
Adapter: Virtual device
temp1:        +55.0°C  

nvme-pci-0100
Adapter: PCI adapter
Composite:    +45.9°C  (low  =  -5.2°C, high = +79.8°C)
                       (crit = +84.8°C)

iwlwifi_1-virtual-0
Adapter: Virtual device
temp1:        +58.0°C  

coretemp-isa-0000
Adapter: ISA adapter
Package id 0:  +55.0°C  (high = +100.0°C, crit = +100.0°C)
Core 0:        +54.0°C  (high = +100.0°C, crit = +100.0°C)
Core 1:        +55.0°C  (high = +100.0°C, crit = +100.0°C)

BAT0-acpi-0
Adapter: ACPI interface
in0:           8.56 V  

-----------------------END/START----------------------
2023-10-22 11:20:54
pch_cannonlake-virtual-0
Adapter: Virtual device
temp1:        +55.0°C  

nvme-pci-0100
Adapter: PCI adapter
Composite:    +45.9°C  (low  =  -5.2°C, high = +79.8°C)
                       (crit = +84.8°C)

iwlwifi_1-virtual-0
Adapter: Virtual device
temp1:        +58.0°C  

coretemp-isa-0000
Adapter: ISA adapter
Package id 0:  +55.0°C  (high = +100.0°C, crit = +100.0°C)
Core 0:        +54.0°C  (high = +100.0°C, crit = +100.0°C)
Core 1:        +54.0°C  (high = +100.0°C, crit = +100.0°C)

BAT0-acpi-0
Adapter: ACPI interface
in0:           8.56 V  

-----------------------END/START----------------------
2023-10-22 11:21:04
pch_cannonlake-virtual-0
Adapter: Virtual device
temp1:        +57.0°C  

nvme-pci-0100
Adapter: PCI adapter
Composite:    +45.9°C  (low  =  -5.2°C, high = +79.8°C)
                       (crit = +84.8°C)

iwlwifi_1-virtual-0
Adapter: Virtual device
temp1:        +58.0°C  

coretemp-isa-0000
Adapter: ISA adapter
Package id 0:  +55.0°C  (high = +100.0°C, crit = +100.0°C)
Core 0:        +54.0°C  (high = +100.0°C, crit = +100.0°C)
Core 1:        +55.0°C  (high = +100.0°C, crit = +100.0°C)

BAT0-acpi-0
Adapter: ACPI interface
in0:           8.56 V  

-----------------------END/START----------------------
2023-10-22 11:21:14
pch_cannonlake-virtual-0
Adapter: Virtual device
temp1:        +56.0°C  

nvme-pci-0100
Adapter: PCI adapter
Composite:    +45.9°C  (low  =  -5.2°C, high = +79.8°C)
                       (crit = +84.8°C)

iwlwifi_1-virtual-0
Adapter: Virtual device
temp1:        +58.0°C  

coretemp-isa-0000
Adapter: ISA adapter
Package id 0:  +55.0°C  (high = +100.0°C, crit = +100.0°C)
Core 0:        +53.0°C  (high = +100.0°C, crit = +100.0°C)
Core 1:        +54.0°C  (high = +100.0°C, crit = +100.0°C)

BAT0-acpi-0
Adapter: ACPI interface
in0:           8.56 V  

-----------------------END/START----------------------
2023-10-22 11:21:24
pch_cannonlake-virtual-0
Adapter: Virtual device
temp1:        +56.0°C  

nvme-pci-0100
Adapter: PCI adapter
Composite:    +45.9°C  (low  =  -5.2°C, high = +79.8°C)
                       (crit = +84.8°C)

iwlwifi_1-virtual-0
Adapter: Virtual device
temp1:        +58.0°C  

coretemp-isa-0000
Adapter: ISA adapter
Package id 0:  +56.0°C  (high = +100.0°C, crit = +100.0°C)
Core 0:        +53.0°C  (high = +100.0°C, crit = +100.0°C)
Core 1:        +55.0°C  (high = +100.0°C, crit = +100.0°C)

BAT0-acpi-0
Adapter: ACPI interface
in0:           8.56 V  

-----------------------END/START----------------------
2023-10-22 11:21:34
pch_cannonlake-virtual-0
Adapter: Virtual device
temp1:        +55.0°C  

nvme-pci-0100
Adapter: PCI adapter
Composite:    +45.9°C  (low  =  -5.2°C, high = +79.8°C)
                       (crit = +84.8°C)

iwlwifi_1-virtual-0
Adapter: Virtual device
temp1:        +58.0°C  

coretemp-isa-0000
Adapter: ISA adapter
Package id 0:  +56.0°C  (high = +100.0°C, crit = +100.0°C)
Core 0:        +54.0°C  (high = +100.0°C, crit = +100.0°C)
Core 1:        +55.0°C  (high = +100.0°C, crit = +100.0°C)

BAT0-acpi-0
Adapter: ACPI interface
in0:           8.56 V  

-----------------------END/START----------------------
2023-10-22 11:21:44
pch_cannonlake-virtual-0
Adapter: Virtual device
temp1:        +56.0°C  

nvme-pci-0100
Adapter: PCI adapter
Composite:    +45.9°C  (low  =  -5.2°C, high = +79.8°C)
                       (crit = +84.8°C)

iwlwifi_1-virtual-0
Adapter: Virtual device
temp1:        +58.0°C  

coretemp-isa-0000
Adapter: ISA adapter
Package id 0:  +56.0°C  (high = +100.0°C, crit = +100.0°C)
Core 0:        +55.0°C  (high = +100.0°C, crit = +100.0°C)
Core 1:        +55.0°C  (high = +100.0°C, crit = +100.0°C)

BAT0-acpi-0
Adapter: ACPI interface
in0:           8.56 V  

-----------------------END/START----------------------
2023-10-22 11:21:54
pch_cannonlake-virtual-0
Adapter: Virtual device
temp1:        +56.0°C  

nvme-pci-0100
Adapter: PCI adapter
Composite:    +45.9°C  (low  =  -5.2°C, high = +79.8°C)
                       (crit = +84.8°C)

iwlwifi_1-virtual-0
Adapter: Virtual device
temp1:        +58.0°C  

coretemp-isa-0000
Adapter: ISA adapter
Package id 0:  +56.0°C  (high = +100.0°C, crit = +100.0°C)
Core 0:        +55.0°C  (high = +100.0°C, crit = +100.0°C)
Core 1:        +56.0°C  (high = +100.0°C, crit = +100.0°C)

BAT0-acpi-0
Adapter: ACPI interface
in0:           8.56 V  

-----------------------END/START----------------------
2023-10-22 11:22:04
pch_cannonlake-virtual-0
Adapter: Virtual device
temp1:        +55.0°C  

nvme-pci-0100
Adapter: PCI adapter
Composite:    +45.9°C  (low  =  -5.2°C, high = +79.8°C)
                       (crit = +84.8°C)

iwlwifi_1-virtual-0
Adapter: Virtual device
temp1:        +58.0°C  

coretemp-isa-0000
Adapter: ISA adapter
Package id 0:  +56.0°C  (high = +100.0°C, crit = +100.0°C)
Core 0:        +54.0°C  (high = +100.0°C, crit = +100.0°C)
Core 1:        +55.0°C  (high = +100.0°C, crit = +100.0°C)

BAT0-acpi-0
Adapter: ACPI interface
in0:           8.56 V  

-----------------------END/START----------------------
2023-10-22 11:22:14
pch_cannonlake-virtual-0
Adapter: Virtual device
temp1:        +56.0°C  

nvme-pci-0100
Adapter: PCI adapter
Composite:    +45.9°C  (low  =  -5.2°C, high = +79.8°C)
                       (crit = +84.8°C)

iwlwifi_1-virtual-0
Adapter: Virtual device
temp1:        +58.0°C  

coretemp-isa-0000
Adapter: ISA adapter
Package id 0:  +56.0°C  (high = +100.0°C, crit = +100.0°C)
Core 0:        +54.0°C  (high = +100.0°C, crit = +100.0°C)
Core 1:        +56.0°C  (high = +100.0°C, crit = +100.0°C)

BAT0-acpi-0
Adapter: ACPI interface
in0:           8.57 V  

-----------------------END/START----------------------
2023-10-22 11:22:24
pch_cannonlake-virtual-0
Adapter: Virtual device
temp1:        +56.0°C  

nvme-pci-0100
Adapter: PCI adapter
Composite:    +45.9°C  (low  =  -5.2°C, high = +79.8°C)
                       (crit = +84.8°C)

iwlwifi_1-virtual-0
Adapter: Virtual device
temp1:        +59.0°C  

coretemp-isa-0000
Adapter: ISA adapter
Package id 0:  +70.0°C  (high = +100.0°C, crit = +100.0°C)
Core 0:        +70.0°C  (high = +100.0°C, crit = +100.0°C)
Core 1:        +68.0°C  (high = +100.0°C, crit = +100.0°C)

BAT0-acpi-0
Adapter: ACPI interface
in0:           8.56 V  

-----------------------END/START----------------------
2023-10-22 11:22:34
pch_cannonlake-virtual-0
Adapter: Virtual device
temp1:        +58.0°C  

nvme-pci-0100
Adapter: PCI adapter
Composite:    +45.9°C  (low  =  -5.2°C, high = +79.8°C)
                       (crit = +84.8°C)

iwlwifi_1-virtual-0
Adapter: Virtual device
temp1:        +58.0°C  

coretemp-isa-0000
Adapter: ISA adapter
Package id 0:  +75.0°C  (high = +100.0°C, crit = +100.0°C)
Core 0:        +75.0°C  (high = +100.0°C, crit = +100.0°C)
Core 1:        +71.0°C  (high = +100.0°C, crit = +100.0°C)

BAT0-acpi-0
Adapter: ACPI interface
in0:           8.56 V  

-----------------------END/START----------------------
2023-10-22 11:22:44
pch_cannonlake-virtual-0
Adapter: Virtual device
temp1:        +60.0°C  

nvme-pci-0100
Adapter: PCI adapter
Composite:    +45.9°C  (low  =  -5.2°C, high = +79.8°C)
                       (crit = +84.8°C)

iwlwifi_1-virtual-0
Adapter: Virtual device
temp1:        +59.0°C  

coretemp-isa-0000
Adapter: ISA adapter
Package id 0:  +69.0°C  (high = +100.0°C, crit = +100.0°C)
Core 0:        +69.0°C  (high = +100.0°C, crit = +100.0°C)
Core 1:        +66.0°C  (high = +100.0°C, crit = +100.0°C)

BAT0-acpi-0
Adapter: ACPI interface
in0:           8.56 V  

-----------------------END/START----------------------
2023-10-22 11:22:54
pch_cannonlake-virtual-0
Adapter: Virtual device
temp1:        +60.0°C  

nvme-pci-0100
Adapter: PCI adapter
Composite:    +45.9°C  (low  =  -5.2°C, high = +79.8°C)
                       (crit = +84.8°C)

iwlwifi_1-virtual-0
Adapter: Virtual device
temp1:        +58.0°C  

coretemp-isa-0000
Adapter: ISA adapter
Package id 0:  +60.0°C  (high = +100.0°C, crit = +100.0°C)
Core 0:        +60.0°C  (high = +100.0°C, crit = +100.0°C)
Core 1:        +60.0°C  (high = +100.0°C, crit = +100.0°C)

BAT0-acpi-0
Adapter: ACPI interface
in0:           8.56 V  

-----------------------END/START----------------------
2023-10-22 11:23:04
pch_cannonlake-virtual-0
Adapter: Virtual device
temp1:        +60.0°C  

nvme-pci-0100
Adapter: PCI adapter
Composite:    +45.9°C  (low  =  -5.2°C, high = +79.8°C)
                       (crit = +84.8°C)

iwlwifi_1-virtual-0
Adapter: Virtual device
temp1:        +59.0°C  

coretemp-isa-0000
Adapter: ISA adapter
Package id 0:  +61.0°C  (high = +100.0°C, crit = +100.0°C)
Core 0:        +61.0°C  (high = +100.0°C, crit = +100.0°C)
Core 1:        +61.0°C  (high = +100.0°C, crit = +100.0°C)

BAT0-acpi-0
Adapter: ACPI interface
in0:           8.56 V  

-----------------------END/START----------------------
2023-10-22 11:23:14
pch_cannonlake-virtual-0
Adapter: Virtual device
temp1:        +60.0°C  

nvme-pci-0100
Adapter: PCI adapter
Composite:    +45.9°C  (low  =  -5.2°C, high = +79.8°C)
                       (crit = +84.8°C)

iwlwifi_1-virtual-0
Adapter: Virtual device
temp1:        +59.0°C  

coretemp-isa-0000
Adapter: ISA adapter
Package id 0:  +62.0°C  (high = +100.0°C, crit = +100.0°C)
Core 0:        +61.0°C  (high = +100.0°C, crit = +100.0°C)
Core 1:        +61.0°C  (high = +100.0°C, crit = +100.0°C)

BAT0-acpi-0
Adapter: ACPI interface
in0:           8.57 V  

-----------------------END/START----------------------
2023-10-22 11:23:24
pch_cannonlake-virtual-0
Adapter: Virtual device
temp1:        +60.0°C  

nvme-pci-0100
Adapter: PCI adapter
Composite:    +45.9°C  (low  =  -5.2°C, high = +79.8°C)
                       (crit = +84.8°C)

iwlwifi_1-virtual-0
Adapter: Virtual device
temp1:        +59.0°C  

coretemp-isa-0000
Adapter: ISA adapter
Package id 0:  +66.0°C  (high = +100.0°C, crit = +100.0°C)
Core 0:        +66.0°C  (high = +100.0°C, crit = +100.0°C)
Core 1:        +61.0°C  (high = +100.0°C, crit = +100.0°C)

BAT0-acpi-0
Adapter: ACPI interface
in0:           8.56 V  

-----------------------END/START----------------------
2023-10-22 11:23:35
pch_cannonlake-virtual-0
Adapter: Virtual device
temp1:        +60.0°C  

nvme-pci-0100
Adapter: PCI adapter
Composite:    +45.9°C  (low  =  -5.2°C, high = +79.8°C)
                       (crit = +84.8°C)

iwlwifi_1-virtual-0
Adapter: Virtual device
temp1:        +59.0°C  

coretemp-isa-0000
Adapter: ISA adapter
Package id 0:  +60.0°C  (high = +100.0°C, crit = +100.0°C)
Core 0:        +60.0°C  (high = +100.0°C, crit = +100.0°C)
Core 1:        +60.0°C  (high = +100.0°C, crit = +100.0°C)

BAT0-acpi-0
Adapter: ACPI interface
in0:           8.56 V  

-----------------------END/START----------------------
2023-10-22 11:23:45
pch_cannonlake-virtual-0
Adapter: Virtual device
temp1:        +59.0°C  

nvme-pci-0100
Adapter: PCI adapter
Composite:    +45.9°C  (low  =  -5.2°C, high = +79.8°C)
                       (crit = +84.8°C)

iwlwifi_1-virtual-0
Adapter: Virtual device
temp1:        +59.0°C  

coretemp-isa-0000
Adapter: ISA adapter
Package id 0:  +62.0°C  (high = +100.0°C, crit = +100.0°C)
Core 0:        +62.0°C  (high = +100.0°C, crit = +100.0°C)
Core 1:        +62.0°C  (high = +100.0°C, crit = +100.0°C)

BAT0-acpi-0
Adapter: ACPI interface
in0:           8.57 V  

-----------------------END/START----------------------
2023-10-22 11:23:55
pch_cannonlake-virtual-0
Adapter: Virtual device
temp1:        +60.0°C  

nvme-pci-0100
Adapter: PCI adapter
Composite:    +45.9°C  (low  =  -5.2°C, high = +79.8°C)
                       (crit = +84.8°C)

iwlwifi_1-virtual-0
Adapter: Virtual device
temp1:        +59.0°C  

coretemp-isa-0000
Adapter: ISA adapter
Package id 0:  +60.0°C  (high = +100.0°C, crit = +100.0°C)
Core 0:        +59.0°C  (high = +100.0°C, crit = +100.0°C)
Core 1:        +60.0°C  (high = +100.0°C, crit = +100.0°C)

BAT0-acpi-0
Adapter: ACPI interface
in0:           8.57 V  

-----------------------END/START----------------------
2023-10-22 11:24:05
pch_cannonlake-virtual-0
Adapter: Virtual device
temp1:        +59.0°C  

nvme-pci-0100
Adapter: PCI adapter
Composite:    +45.9°C  (low  =  -5.2°C, high = +79.8°C)
                       (crit = +84.8°C)

iwlwifi_1-virtual-0
Adapter: Virtual device
temp1:        +59.0°C  

coretemp-isa-0000
Adapter: ISA adapter
Package id 0:  +59.0°C  (high = +100.0°C, crit = +100.0°C)
Core 0:        +58.0°C  (high = +100.0°C, crit = +100.0°C)
Core 1:        +58.0°C  (high = +100.0°C, crit = +100.0°C)

BAT0-acpi-0
Adapter: ACPI interface
in0:           8.57 V  

-----------------------END/START----------------------
2023-10-22 11:24:15
pch_cannonlake-virtual-0
Adapter: Virtual device
temp1:        +58.0°C  

nvme-pci-0100
Adapter: PCI adapter
Composite:    +45.9°C  (low  =  -5.2°C, high = +79.8°C)
                       (crit = +84.8°C)

iwlwifi_1-virtual-0
Adapter: Virtual device
temp1:        +59.0°C  

coretemp-isa-0000
Adapter: ISA adapter
Package id 0:  +58.0°C  (high = +100.0°C, crit = +100.0°C)
Core 0:        +57.0°C  (high = +100.0°C, crit = +100.0°C)
Core 1:        +58.0°C  (high = +100.0°C, crit = +100.0°C)

BAT0-acpi-0
Adapter: ACPI interface
in0:           8.57 V  

-----------------------END/START----------------------
2023-10-22 11:24:25
pch_cannonlake-virtual-0
Adapter: Virtual device
temp1:        +58.0°C  

nvme-pci-0100
Adapter: PCI adapter
Composite:    +45.9°C  (low  =  -5.2°C, high = +79.8°C)
                       (crit = +84.8°C)

iwlwifi_1-virtual-0
Adapter: Virtual device
temp1:        +59.0°C  

coretemp-isa-0000
Adapter: ISA adapter
Package id 0:  +60.0°C  (high = +100.0°C, crit = +100.0°C)
Core 0:        +60.0°C  (high = +100.0°C, crit = +100.0°C)
Core 1:        +59.0°C  (high = +100.0°C, crit = +100.0°C)

BAT0-acpi-0
Adapter: ACPI interface
in0:           8.57 V  

-----------------------END/START----------------------
2023-10-22 11:24:35
pch_cannonlake-virtual-0
Adapter: Virtual device
temp1:        +58.0°C  

nvme-pci-0100
Adapter: PCI adapter
Composite:    +45.9°C  (low  =  -5.2°C, high = +79.8°C)
                       (crit = +84.8°C)

iwlwifi_1-virtual-0
Adapter: Virtual device
temp1:        +59.0°C  

coretemp-isa-0000
Adapter: ISA adapter
Package id 0:  +58.0°C  (high = +100.0°C, crit = +100.0°C)
Core 0:        +57.0°C  (high = +100.0°C, crit = +100.0°C)
Core 1:        +57.0°C  (high = +100.0°C, crit = +100.0°C)

BAT0-acpi-0
Adapter: ACPI interface
in0:           8.57 V  

-----------------------END/START----------------------
2023-10-22 11:24:45
pch_cannonlake-virtual-0
Adapter: Virtual device
temp1:        +62.0°C  

nvme-pci-0100
Adapter: PCI adapter
Composite:    +47.9°C  (low  =  -5.2°C, high = +79.8°C)
                       (crit = +84.8°C)

iwlwifi_1-virtual-0
Adapter: Virtual device
temp1:        +59.0°C  

coretemp-isa-0000
Adapter: ISA adapter
Package id 0:  +57.0°C  (high = +100.0°C, crit = +100.0°C)
Core 0:        +57.0°C  (high = +100.0°C, crit = +100.0°C)
Core 1:        +57.0°C  (high = +100.0°C, crit = +100.0°C)

BAT0-acpi-0
Adapter: ACPI interface
in0:           8.57 V  

-----------------------END/START----------------------
2023-10-22 11:24:55
pch_cannonlake-virtual-0
Adapter: Virtual device
temp1:        +60.0°C  

nvme-pci-0100
Adapter: PCI adapter
Composite:    +46.9°C  (low  =  -5.2°C, high = +79.8°C)
                       (crit = +84.8°C)

iwlwifi_1-virtual-0
Adapter: Virtual device
temp1:        +59.0°C  

coretemp-isa-0000
Adapter: ISA adapter
Package id 0:  +59.0°C  (high = +100.0°C, crit = +100.0°C)
Core 0:        +59.0°C  (high = +100.0°C, crit = +100.0°C)
Core 1:        +58.0°C  (high = +100.0°C, crit = +100.0°C)

BAT0-acpi-0
Adapter: ACPI interface
in0:           8.56 V  

-----------------------END/START----------------------
2023-10-22 11:25:05
pch_cannonlake-virtual-0
Adapter: Virtual device
temp1:        +59.0°C  

nvme-pci-0100
Adapter: PCI adapter
Composite:    +46.9°C  (low  =  -5.2°C, high = +79.8°C)
                       (crit = +84.8°C)

iwlwifi_1-virtual-0
Adapter: Virtual device
temp1:        +59.0°C  

coretemp-isa-0000
Adapter: ISA adapter
Package id 0:  +60.0°C  (high = +100.0°C, crit = +100.0°C)
Core 0:        +60.0°C  (high = +100.0°C, crit = +100.0°C)
Core 1:        +59.0°C  (high = +100.0°C, crit = +100.0°C)

BAT0-acpi-0
Adapter: ACPI interface
in0:           8.55 V  

-----------------------END/START----------------------
2023-10-22 11:25:15
pch_cannonlake-virtual-0
Adapter: Virtual device
temp1:        +59.0°C  

nvme-pci-0100
Adapter: PCI adapter
Composite:    +46.9°C  (low  =  -5.2°C, high = +79.8°C)
                       (crit = +84.8°C)

iwlwifi_1-virtual-0
Adapter: Virtual device
temp1:        +59.0°C  

coretemp-isa-0000
Adapter: ISA adapter
Package id 0:  +59.0°C  (high = +100.0°C, crit = +100.0°C)
Core 0:        +58.0°C  (high = +100.0°C, crit = +100.0°C)
Core 1:        +59.0°C  (high = +100.0°C, crit = +100.0°C)

BAT0-acpi-0
Adapter: ACPI interface
in0:           8.57 V  

-----------------------END/START----------------------
2023-10-22 11:25:25
pch_cannonlake-virtual-0
Adapter: Virtual device
temp1:        +59.0°C  

nvme-pci-0100
Adapter: PCI adapter
Composite:    +46.9°C  (low  =  -5.2°C, high = +79.8°C)
                       (crit = +84.8°C)

iwlwifi_1-virtual-0
Adapter: Virtual device
temp1:        +59.0°C  

coretemp-isa-0000
Adapter: ISA adapter
Package id 0:  +61.0°C  (high = +100.0°C, crit = +100.0°C)
Core 0:        +59.0°C  (high = +100.0°C, crit = +100.0°C)
Core 1:        +59.0°C  (high = +100.0°C, crit = +100.0°C)

BAT0-acpi-0
Adapter: ACPI interface
in0:           8.57 V  

-----------------------END/START----------------------
2023-10-22 11:25:35
pch_cannonlake-virtual-0
Adapter: Virtual device
temp1:        +60.0°C  

nvme-pci-0100
Adapter: PCI adapter
Composite:    +46.9°C  (low  =  -5.2°C, high = +79.8°C)
                       (crit = +84.8°C)

iwlwifi_1-virtual-0
Adapter: Virtual device
temp1:        +59.0°C  

coretemp-isa-0000
Adapter: ISA adapter
Package id 0:  +59.0°C  (high = +100.0°C, crit = +100.0°C)
Core 0:        +58.0°C  (high = +100.0°C, crit = +100.0°C)
Core 1:        +59.0°C  (high = +100.0°C, crit = +100.0°C)

BAT0-acpi-0
Adapter: ACPI interface
in0:           8.57 V  

-----------------------END/START----------------------
2023-10-22 11:25:45
pch_cannonlake-virtual-0
Adapter: Virtual device
temp1:        +59.0°C  

nvme-pci-0100
Adapter: PCI adapter
Composite:    +46.9°C  (low  =  -5.2°C, high = +79.8°C)
                       (crit = +84.8°C)

iwlwifi_1-virtual-0
Adapter: Virtual device
temp1:        +59.0°C  

coretemp-isa-0000
Adapter: ISA adapter
Package id 0:  +60.0°C  (high = +100.0°C, crit = +100.0°C)
Core 0:        +59.0°C  (high = +100.0°C, crit = +100.0°C)
Core 1:        +59.0°C  (high = +100.0°C, crit = +100.0°C)

BAT0-acpi-0
Adapter: ACPI interface
in0:           8.57 V  

-----------------------END/START----------------------
2023-10-22 11:25:55
pch_cannonlake-virtual-0
Adapter: Virtual device
temp1:        +60.0°C  

nvme-pci-0100
Adapter: PCI adapter
Composite:    +46.9°C  (low  =  -5.2°C, high = +79.8°C)
                       (crit = +84.8°C)

iwlwifi_1-virtual-0
Adapter: Virtual device
temp1:        +59.0°C  

coretemp-isa-0000
Adapter: ISA adapter
Package id 0:  +66.0°C  (high = +100.0°C, crit = +100.0°C)
Core 0:        +67.0°C  (high = +100.0°C, crit = +100.0°C)
Core 1:        +61.0°C  (high = +100.0°C, crit = +100.0°C)

BAT0-acpi-0
Adapter: ACPI interface
in0:           8.57 V  

-----------------------END/START----------------------
2023-10-22 11:26:05
pch_cannonlake-virtual-0
Adapter: Virtual device
temp1:        +61.0°C  

nvme-pci-0100
Adapter: PCI adapter
Composite:    +46.9°C  (low  =  -5.2°C, high = +79.8°C)
                       (crit = +84.8°C)

iwlwifi_1-virtual-0
Adapter: Virtual device
temp1:        +59.0°C  

coretemp-isa-0000
Adapter: ISA adapter
Package id 0:  +59.0°C  (high = +100.0°C, crit = +100.0°C)
Core 0:        +58.0°C  (high = +100.0°C, crit = +100.0°C)
Core 1:        +59.0°C  (high = +100.0°C, crit = +100.0°C)

BAT0-acpi-0
Adapter: ACPI interface
in0:           8.57 V  

-----------------------END/START----------------------
2023-10-22 11:26:15
pch_cannonlake-virtual-0
Adapter: Virtual device
temp1:        +61.0°C  

nvme-pci-0100
Adapter: PCI adapter
Composite:    +45.9°C  (low  =  -5.2°C, high = +79.8°C)
                       (crit = +84.8°C)

iwlwifi_1-virtual-0
Adapter: Virtual device
temp1:        +59.0°C  

coretemp-isa-0000
Adapter: ISA adapter
Package id 0:  +58.0°C  (high = +100.0°C, crit = +100.0°C)
Core 0:        +57.0°C  (high = +100.0°C, crit = +100.0°C)
Core 1:        +58.0°C  (high = +100.0°C, crit = +100.0°C)

BAT0-acpi-0
Adapter: ACPI interface
in0:           8.57 V  

-----------------------END/START----------------------
2023-10-22 11:26:26
pch_cannonlake-virtual-0
Adapter: Virtual device
temp1:        +61.0°C  

nvme-pci-0100
Adapter: PCI adapter
Composite:    +46.9°C  (low  =  -5.2°C, high = +79.8°C)
                       (crit = +84.8°C)

iwlwifi_1-virtual-0
Adapter: Virtual device
temp1:        +59.0°C  

coretemp-isa-0000
Adapter: ISA adapter
Package id 0:  +62.0°C  (high = +100.0°C, crit = +100.0°C)
Core 0:        +62.0°C  (high = +100.0°C, crit = +100.0°C)
Core 1:        +62.0°C  (high = +100.0°C, crit = +100.0°C)

BAT0-acpi-0
Adapter: ACPI interface
in0:           8.57 V  

-----------------------END/START----------------------
2023-10-22 11:26:36
pch_cannonlake-virtual-0
Adapter: Virtual device
temp1:        +58.0°C  

nvme-pci-0100
Adapter: PCI adapter
Composite:    +46.9°C  (low  =  -5.2°C, high = +79.8°C)
                       (crit = +84.8°C)

iwlwifi_1-virtual-0
Adapter: Virtual device
temp1:        +59.0°C  

coretemp-isa-0000
Adapter: ISA adapter
Package id 0:  +61.0°C  (high = +100.0°C, crit = +100.0°C)
Core 0:        +60.0°C  (high = +100.0°C, crit = +100.0°C)
Core 1:        +61.0°C  (high = +100.0°C, crit = +100.0°C)

BAT0-acpi-0
Adapter: ACPI interface
in0:           8.57 V  

-----------------------END/START----------------------
2023-10-22 11:26:46
pch_cannonlake-virtual-0
Adapter: Virtual device
temp1:        +59.0°C  

nvme-pci-0100
Adapter: PCI adapter
Composite:    +46.9°C  (low  =  -5.2°C, high = +79.8°C)
                       (crit = +84.8°C)

iwlwifi_1-virtual-0
Adapter: Virtual device
temp1:        +59.0°C  

coretemp-isa-0000
Adapter: ISA adapter
Package id 0:  +62.0°C  (high = +100.0°C, crit = +100.0°C)
Core 0:        +62.0°C  (high = +100.0°C, crit = +100.0°C)
Core 1:        +60.0°C  (high = +100.0°C, crit = +100.0°C)

BAT0-acpi-0
Adapter: ACPI interface
in0:           8.57 V  

-----------------------END/START----------------------
2023-10-22 11:26:56
pch_cannonlake-virtual-0
Adapter: Virtual device
temp1:        +60.0°C  

nvme-pci-0100
Adapter: PCI adapter
Composite:    +46.9°C  (low  =  -5.2°C, high = +79.8°C)
                       (crit = +84.8°C)

iwlwifi_1-virtual-0
Adapter: Virtual device
temp1:        +59.0°C  

coretemp-isa-0000
Adapter: ISA adapter
Package id 0:  +71.0°C  (high = +100.0°C, crit = +100.0°C)
Core 0:        +65.0°C  (high = +100.0°C, crit = +100.0°C)
Core 1:        +71.0°C  (high = +100.0°C, crit = +100.0°C)

BAT0-acpi-0
Adapter: ACPI interface
in0:           8.57 V  

-----------------------END/START----------------------
2023-10-22 11:27:06
pch_cannonlake-virtual-0
Adapter: Virtual device
temp1:        +60.0°C  

nvme-pci-0100
Adapter: PCI adapter
Composite:    +46.9°C  (low  =  -5.2°C, high = +79.8°C)
                       (crit = +84.8°C)

iwlwifi_1-virtual-0
Adapter: Virtual device
temp1:        +59.0°C  

coretemp-isa-0000
Adapter: ISA adapter
Package id 0:  +60.0°C  (high = +100.0°C, crit = +100.0°C)
Core 0:        +60.0°C  (high = +100.0°C, crit = +100.0°C)
Core 1:        +60.0°C  (high = +100.0°C, crit = +100.0°C)

BAT0-acpi-0
Adapter: ACPI interface
in0:           8.57 V  

-----------------------END/START----------------------
2023-10-22 11:27:16
